Start testing: Jul 03 16:39 CDT
----------------------------------------------------------
1/68 Testing: range_test
1/68 Test: range_test
Command: "/home/samuel/cnerg/SetupScripts/MOAB/bld/bin/range_test"
Directory: /home/samuel/cnerg/SetupScripts/MOAB/bld/test
"range_test" start time: Jul 03 16:39 CDT
Output:
----------------------------------------------------------
Running insert_hint_test ...
Running intersect_test ...
Running merge_test ...
Running const_pair_iterator_test ...
Running swap_test ...
Running subtract_test ...
Running subset_by_dimension_test ...
Running erase_test ...
Running contains_test ...
<end of output>
Test time =   0.04 sec
----------------------------------------------------------
Test Passed.
"range_test" end time: Jul 03 16:39 CDT
"range_test" time elapsed: 00:00:00
----------------------------------------------------------

2/68 Testing: verdict_test
2/68 Test: verdict_test
Command: "/home/samuel/cnerg/SetupScripts/MOAB/bld/bin/verdict_test"
Directory: /home/samuel/cnerg/SetupScripts/MOAB/bld/test
"verdict_test" start time: Jul 03 16:39 CDT
Output:
----------------------------------------------------------
Running verdict_test1 ...
Entity type 1 id:1 quality: length : 0.5
Global id = 35
  Adjacencies:
   Vertex 11, Vertex 14
   Hex 6
Dense tags:
  GLOBAL_ID = 35 

    length 0.5 
Entity type 1 id:2 quality: length : 0.5
Global id = 36
  Adjacencies:
   Vertex 14, Vertex 13
   Hex 2
Dense tags:
  GLOBAL_ID = 36 

    length 0.5 
Entity type 1 id:3 quality: length : 0.5
Global id = 37
  Adjacencies:
   Vertex 12, Vertex 18
   Hex 6, Hex 8
Dense tags:
  GLOBAL_ID = 37 

    length 0.5 
Entity type 1 id:4 quality: length : 0.5
Global id = 38
  Adjacencies:
   Vertex 18, Vertex 16
   Hex 2, Hex 4
Dense tags:
  GLOBAL_ID = 38 

    length 0.5 
Entity type 1 id:5 quality: length : 0.5
Global id = 0
  Adjacencies:
   Vertex 1, Vertex 20
   Quad 1
   Hex 5
Dense tags:
  GLOBAL_ID = 0 

    length 0.5 
Entity type 1 id:6 quality: length : 0.5
Global id = 0
  Adjacencies:
   Vertex 20, Vertex 11
   Quad 2
   Hex 6
Dense tags:
  GLOBAL_ID = 0 

    length 0.5 
Entity type 1 id:7 quality: length : 0.5
Global id = 0
  Adjacencies:
   Vertex 11, Vertex 12
   Quad 2
   Hex 6
Dense tags:
  GLOBAL_ID = 0 

    length 0.5 
Entity type 1 id:8 quality: length : 0.5
Global id = 0
  Adjacencies:
   Vertex 12, Vertex 10
   Quad 4
   Hex 8
Dense tags:
  GLOBAL_ID = 0 

    length 0.5 
Entity type 1 id:9 quality: length : 0.5
Global id = 0
  Adjacencies:
   Vertex 24, Vertex 2
   Quad 3
   Hex 7
Dense tags:
  GLOBAL_ID = 0 

    length 0.5 
Entity type 1 id:10 quality: length : 0.5
Global id = 0
  Adjacencies:
   Vertex 10, Vertex 24
   Quad 4
   Hex 8
Dense tags:
  GLOBAL_ID = 0 

    length 0.5 
Entity type 1 id:11 quality: length : 0.5
Global id = 0
  Adjacencies:
   Vertex 3, Vertex 1
   Quad 1, Quad 7
   Hex 5
Dense tags:
  GLOBAL_ID = 0 

    length 0.5 
Entity type 1 id:12 quality: length : 0.5
Global id = 0
  Adjacencies:
   Vertex 2, Vertex 3
   Quad 3, Quad 8
   Hex 7
Dense tags:
  GLOBAL_ID = 0 

    length 0.5 
Entity type 2 id:1 quality: edge ratio : 1.41421
Entity type 2 id:1 quality: maximum Frobenius aspect : 1.1547
Entity type 2 id:1 quality: condition number : 1.1547
Entity type 2 id:1 quality: scaled jacobian : 0.816497
Entity type 2 id:1 quality: shape : 0.866025
Entity type 2 id:1 quality: relative size squared : 0.015625
Entity type 2 id:1 quality: shape and size : 0.0135316
Entity type 2 id:1 quality: distortion : 1
Entity type 2 id:1 quality: radius ratio : 0.125
Entity type 2 id:1 quality: aspect ratio : 1.39385
Entity type 2 id:1 quality: minimum angle : 45
Entity type 2 id:1 quality: area : 0.125
Entity type 2 id:1 quality: maximum angle : 90
Global id = 39
  Adjacencies:
   Vertex 28, Vertex 45, Vertex 30
   Tet 15
Dense tags:
  GLOBAL_ID = 39 

    edge ratio 1.41421 
    maximum Frobenius aspect 1.1547 
    condition number 1.1547 
    scaled jacobian 0.816497 
    shape 0.866025 
    relative size squared 0.015625 
    shape and size 0.0135316 
    distortion 1 
    radius ratio 0.125 
    aspect ratio 0.125 
    minimum angle 45 
    area 0.125 
    maximum angle 90 
Entity type 2 id:2 quality: edge ratio : 1.41421
Entity type 2 id:2 quality: maximum Frobenius aspect : 1.1547
Entity type 2 id:2 quality: condition number : 1.1547
Entity type 2 id:2 quality: scaled jacobian : 0.816497
Entity type 2 id:2 quality: shape : 0.866025
Entity type 2 id:2 quality: relative size squared : 0.015625
Entity type 2 id:2 quality: shape and size : 0.0135316
Entity type 2 id:2 quality: distortion : 1
Entity type 2 id:2 quality: radius ratio : 0.125
Entity type 2 id:2 quality: aspect ratio : 1.39385
Entity type 2 id:2 quality: minimum angle : 45
Entity type 2 id:2 quality: area : 0.125
Entity type 2 id:2 quality: maximum angle : 90
Global id = 40
  Adjacencies:
   Vertex 45, Vertex 37, Vertex 38
   Tet 16
Dense tags:
  GLOBAL_ID = 40 

    edge ratio 1.41421 
    maximum Frobenius aspect 1.1547 
    condition number 1.1547 
    scaled jacobian 0.816497 
    shape 0.866025 
    relative size squared 0.015625 
    shape and size 0.0135316 
    distortion 1 
    radius ratio 0.125 
    aspect ratio 0.125 
    minimum angle 45 
    area 0.125 
    maximum angle 90 
Entity type 2 id:3 quality: edge ratio : 1.41421
Entity type 2 id:3 quality: maximum Frobenius aspect : 1.1547
Entity type 2 id:3 quality: condition number : 1.1547
Entity type 2 id:3 quality: scaled jacobian : 0.816497
Entity type 2 id:3 quality: shape : 0.866025
Entity type 2 id:3 quality: relative size squared : 0.015625
Entity type 2 id:3 quality: shape and size : 0.0135316
Entity type 2 id:3 quality: distortion : 1
Entity type 2 id:3 quality: radius ratio : 0.125
Entity type 2 id:3 quality: aspect ratio : 1.39385
Entity type 2 id:3 quality: minimum angle : 45
Entity type 2 id:3 quality: area : 0.125
Entity type 2 id:3 quality: maximum angle : 90
Global id = 41
  Adjacencies:
   Vertex 38, Vertex 36, Vertex 47
   Tet 20
Dense tags:
  GLOBAL_ID = 41 

    edge ratio 1.41421 
    maximum Frobenius aspect 1.1547 
    condition number 1.1547 
    scaled jacobian 0.816497 
    shape 0.866025 
    relative size squared 0.015625 
    shape and size 0.0135316 
    distortion 1 
    radius ratio 0.125 
    aspect ratio 0.125 
    minimum angle 45 
    area 0.125 
    maximum angle 90 
Entity type 2 id:4 quality: edge ratio : 1.41421
Entity type 2 id:4 quality: maximum Frobenius aspect : 1.1547
Entity type 2 id:4 quality: condition number : 1.1547
Entity type 2 id:4 quality: scaled jacobian : 0.816497
Entity type 2 id:4 quality: shape : 0.866025
Entity type 2 id:4 quality: relative size squared : 0.015625
Entity type 2 id:4 quality: shape and size : 0.0135316
Entity type 2 id:4 quality: distortion : 1
Entity type 2 id:4 quality: radius ratio : 0.125
Entity type 2 id:4 quality: aspect ratio : 1.39385
Entity type 2 id:4 quality: minimum angle : 45
Entity type 2 id:4 quality: area : 0.125
Entity type 2 id:4 quality: maximum angle : 90
Global id = 42
  Adjacencies:
   Vertex 47, Vertex 29, Vertex 30
   Tet 22
Dense tags:
  GLOBAL_ID = 42 

    edge ratio 1.41421 
    maximum Frobenius aspect 1.1547 
    condition number 1.1547 
    scaled jacobian 0.816497 
    shape 0.866025 
    relative size squared 0.015625 
    shape and size 0.0135316 
    distortion 1 
    radius ratio 0.125 
    aspect ratio 0.125 
    minimum angle 45 
    area 0.125 
    maximum angle 90 
Entity type 2 id:5 quality: edge ratio : 1.41421
Entity type 2 id:5 quality: maximum Frobenius aspect : 1.1547
Entity type 2 id:5 quality: condition number : 1.1547
Entity type 2 id:5 quality: scaled jacobian : 0.816497
Entity type 2 id:5 quality: shape : 0.866025
Entity type 2 id:5 quality: relative size squared : 0.0625
Entity type 2 id:5 quality: shape and size : 0.0541266
Entity type 2 id:5 quality: distortion : 1
Entity type 2 id:5 quality: radius ratio : 0.5
Entity type 2 id:5 quality: aspect ratio : 1.39385
Entity type 2 id:5 quality: minimum angle : 45
Entity type 2 id:5 quality: area : 0.25
Entity type 2 id:5 quality: maximum angle : 90
Global id = 43
  Adjacencies:
   Vertex 45, Vertex 38, Vertex 30
   Tet 8
Dense tags:
  GLOBAL_ID = 43 

    edge ratio 1.41421 
    maximum Frobenius aspect 1.1547 
    condition number 1.1547 
    scaled jacobian 0.816497 
    shape 0.866025 
    relative size squared 0.0625 
    shape and size 0.0541266 
    distortion 1 
    radius ratio 0.5 
    aspect ratio 0.5 
    minimum angle 45 
    area 0.25 
    maximum angle 90 
Entity type 2 id:6 quality: edge ratio : 1.41421
Entity type 2 id:6 quality: maximum Frobenius aspect : 1.1547
Entity type 2 id:6 quality: condition number : 1.1547
Entity type 2 id:6 quality: scaled jacobian : 0.816497
Entity type 2 id:6 quality: shape : 0.866025
Entity type 2 id:6 quality: relative size squared : 0.0625
Entity type 2 id:6 quality: shape and size : 0.0541266
Entity type 2 id:6 quality: distortion : 1
Entity type 2 id:6 quality: radius ratio : 0.5
Entity type 2 id:6 quality: aspect ratio : 1.39385
Entity type 2 id:6 quality: minimum angle : 45
Entity type 2 id:6 quality: area : 0.25
Entity type 2 id:6 quality: maximum angle : 90
Global id = 44
  Adjacencies:
   Vertex 38, Vertex 47, Vertex 30
   Tet 21
Dense tags:
  GLOBAL_ID = 44 

    edge ratio 1.41421 
    maximum Frobenius aspect 1.1547 
    condition number 1.1547 
    scaled jacobian 0.816497 
    shape 0.866025 
    relative size squared 0.0625 
    shape and size 0.0541266 
    distortion 1 
    radius ratio 0.5 
    aspect ratio 0.5 
    minimum angle 45 
    area 0.25 
    maximum angle 90 
Entity type 2 id:7 quality: edge ratio : 1.41421
Entity type 2 id:7 quality: maximum Frobenius aspect : 1.1547
Entity type 2 id:7 quality: condition number : 1.1547
Entity type 2 id:7 quality: scaled jacobian : 0.816497
Entity type 2 id:7 quality: shape : 0.866025
Entity type 2 id:7 quality: relative size squared : 0.0625
Entity type 2 id:7 quality: shape and size : 0.0541266
Entity type 2 id:7 quality: distortion : 1
Entity type 2 id:7 quality: radius ratio : 0.5
Entity type 2 id:7 quality: aspect ratio : 1.39385
Entity type 2 id:7 quality: minimum angle : 45
Entity type 2 id:7 quality: area : 0.25
Entity type 2 id:7 quality: maximum angle : 90
Global id = 0
  Adjacencies:
   Vertex 35, Vertex 32, Vertex 34
   Tet 2
Dense tags:
  GLOBAL_ID = 0 

    edge ratio 1.41421 
    maximum Frobenius aspect 1.1547 
    condition number 1.1547 
    scaled jacobian 0.816497 
    shape 0.866025 
    relative size squared 0.0625 
    shape and size 0.0541266 
    distortion 1 
    radius ratio 0.5 
    aspect ratio 0.5 
    minimum angle 45 
    area 0.25 
    maximum angle 90 
Entity type 2 id:8 quality: edge ratio : 1.41421
Entity type 2 id:8 quality: maximum Frobenius aspect : 1.1547
Entity type 2 id:8 quality: condition number : 1.1547
Entity type 2 id:8 quality: scaled jacobian : 0.816497
Entity type 2 id:8 quality: shape : 0.866025
Entity type 2 id:8 quality: relative size squared : 0.015625
Entity type 2 id:8 quality: shape and size : 0.0135316
Entity type 2 id:8 quality: distortion : 1
Entity type 2 id:8 quality: radius ratio : 0.125
Entity type 2 id:8 quality: aspect ratio : 1.39385
Entity type 2 id:8 quality: minimum angle : 45
Entity type 2 id:8 quality: area : 0.125
Entity type 2 id:8 quality: maximum angle : 90
Global id = 0
  Adjacencies:
   Vertex 34, Vertex 33, Vertex 35
   Tet 5
Dense tags:
  GLOBAL_ID = 0 

    edge ratio 1.41421 
    maximum Frobenius aspect 1.1547 
    condition number 1.1547 
    scaled jacobian 0.816497 
    shape 0.866025 
    relative size squared 0.015625 
    shape and size 0.0135316 
    distortion 1 
    radius ratio 0.125 
    aspect ratio 0.125 
    minimum angle 45 
    area 0.125 
    maximum angle 90 
Entity type 2 id:9 quality: edge ratio : 1.41421
Entity type 2 id:9 quality: maximum Frobenius aspect : 1.1547
Entity type 2 id:9 quality: condition number : 1.1547
Entity type 2 id:9 quality: scaled jacobian : 0.816497
Entity type 2 id:9 quality: shape : 0.866025
Entity type 2 id:9 quality: relative size squared : 0.0625
Entity type 2 id:9 quality: shape and size : 0.0541266
Entity type 2 id:9 quality: distortion : 1
Entity type 2 id:9 quality: radius ratio : 0.5
Entity type 2 id:9 quality: aspect ratio : 1.39385
Entity type 2 id:9 quality: minimum angle : 45
Entity type 2 id:9 quality: area : 0.25
Entity type 2 id:9 quality: maximum angle : 90
Global id = 0
  Adjacencies:
   Vertex 32, Vertex 35, Vertex 30
   Tet 6
Dense tags:
  GLOBAL_ID = 0 

    edge ratio 1.41421 
    maximum Frobenius aspect 1.1547 
    condition number 1.1547 
    scaled jacobian 0.816497 
    shape 0.866025 
    relative size squared 0.0625 
    shape and size 0.0541266 
    distortion 1 
    radius ratio 0.5 
    aspect ratio 0.5 
    minimum angle 45 
    area 0.25 
    maximum angle 90 
Entity type 2 id:10 quality: edge ratio : 1.41421
Entity type 2 id:10 quality: maximum Frobenius aspect : 1.1547
Entity type 2 id:10 quality: condition number : 1.1547
Entity type 2 id:10 quality: scaled jacobian : 0.816497
Entity type 2 id:10 quality: shape : 0.866025
Entity type 2 id:10 quality: relative size squared : 0.015625
Entity type 2 id:10 quality: shape and size : 0.0135316
Entity type 2 id:10 quality: distortion : 1
Entity type 2 id:10 quality: radius ratio : 0.125
Entity type 2 id:10 quality: aspect ratio : 1.39385
Entity type 2 id:10 quality: minimum angle : 45
Entity type 2 id:10 quality: area : 0.125
Entity type 2 id:10 quality: maximum angle : 90
Global id = 0
  Adjacencies:
   Vertex 31, Vertex 34, Vertex 32
   Tet 14
Dense tags:
  GLOBAL_ID = 0 

    edge ratio 1.41421 
    maximum Frobenius aspect 1.1547 
    condition number 1.1547 
    scaled jacobian 0.816497 
    shape 0.866025 
    relative size squared 0.015625 
    shape and size 0.0135316 
    distortion 1 
    radius ratio 0.125 
    aspect ratio 0.125 
    minimum angle 45 
    area 0.125 
    maximum angle 90 
Entity type 2 id:11 quality: edge ratio : 1.41421
Entity type 2 id:11 quality: maximum Frobenius aspect : 1.1547
Entity type 2 id:11 quality: condition number : 1.1547
Entity type 2 id:11 quality: scaled jacobian : 0.816497
Entity type 2 id:11 quality: shape : 0.866025
Entity type 2 id:11 quality: relative size squared : 0.015625
Entity type 2 id:11 quality: shape and size : 0.0135316
Entity type 2 id:11 quality: distortion : 1
Entity type 2 id:11 quality: radius ratio : 0.125
Entity type 2 id:11 quality: aspect ratio : 1.39385
Entity type 2 id:11 quality: minimum angle : 45
Entity type 2 id:11 quality: area : 0.125
Entity type 2 id:11 quality: maximum angle : 90
Global id = 0
  Adjacencies:
   Vertex 30, Vertex 35, Vertex 28
   Tet 15
Dense tags:
  GLOBAL_ID = 0 

    edge ratio 1.41421 
    maximum Frobenius aspect 1.1547 
    condition number 1.1547 
    scaled jacobian 0.816497 
    shape 0.866025 
    relative size squared 0.015625 
    shape and size 0.0135316 
    distortion 1 
    radius ratio 0.125 
    aspect ratio 0.125 
    minimum angle 45 
    area 0.125 
    maximum angle 90 
Entity type 2 id:12 quality: edge ratio : 1.41421
Entity type 2 id:12 quality: maximum Frobenius aspect : 1.1547
Entity type 2 id:12 quality: condition number : 1.1547
Entity type 2 id:12 quality: scaled jacobian : 0.816497
Entity type 2 id:12 quality: shape : 0.866025
Entity type 2 id:12 quality: relative size squared : 0.015625
Entity type 2 id:12 quality: shape and size : 0.0135316
Entity type 2 id:12 quality: distortion : 1
Entity type 2 id:12 quality: radius ratio : 0.125
Entity type 2 id:12 quality: aspect ratio : 1.39385
Entity type 2 id:12 quality: minimum angle : 45
Entity type 2 id:12 quality: area : 0.125
Entity type 2 id:12 quality: maximum angle : 90
Global id = 0
  Adjacencies:
   Vertex 30, Vertex 29, Vertex 32
   Tet 22
Dense tags:
  GLOBAL_ID = 0 

    edge ratio 1.41421 
    maximum Frobenius aspect 1.1547 
    condition number 1.1547 
    scaled jacobian 0.816497 
    shape 0.866025 
    relative size squared 0.015625 
    shape and size 0.0135316 
    distortion 1 
    radius ratio 0.125 
    aspect ratio 0.125 
    minimum angle 45 
    area 0.125 
    maximum angle 90 
Entity type 2 id:13 quality: edge ratio : 1.41421
Entity type 2 id:13 quality: maximum Frobenius aspect : 1.1547
Entity type 2 id:13 quality: condition number : 1.1547
Entity type 2 id:13 quality: scaled jacobian : 0.816497
Entity type 2 id:13 quality: shape : 0.866025
Entity type 2 id:13 quality: relative size squared : 0.015625
Entity type 2 id:13 quality: shape and size : 0.0135316
Entity type 2 id:13 quality: distortion : 1
Entity type 2 id:13 quality: radius ratio : 0.125
Entity type 2 id:13 quality: aspect ratio : 1.39385
Entity type 2 id:13 quality: minimum angle : 45
Entity type 2 id:13 quality: area : 0.125
Entity type 2 id:13 quality: maximum angle : 90
Global id = 0
  Adjacencies:
   Vertex 44, Vertex 39, Vertex 40
   Tet 3
Dense tags:
  GLOBAL_ID = 0 

    edge ratio 1.41421 
    maximum Frobenius aspect 1.1547 
    condition number 1.1547 
    scaled jacobian 0.816497 
    shape 0.866025 
    relative size squared 0.015625 
    shape and size 0.0135316 
    distortion 1 
    radius ratio 0.125 
    aspect ratio 0.125 
    minimum angle 45 
    area 0.125 
    maximum angle 90 
Entity type 2 id:14 quality: edge ratio : 1.41421
Entity type 2 id:14 quality: maximum Frobenius aspect : 1.1547
Entity type 2 id:14 quality: condition number : 1.1547
Entity type 2 id:14 quality: scaled jacobian : 0.816497
Entity type 2 id:14 quality: shape : 0.866025
Entity type 2 id:14 quality: relative size squared : 0.015625
Entity type 2 id:14 quality: shape and size : 0.0135316
Entity type 2 id:14 quality: distortion : 1
Entity type 2 id:14 quality: radius ratio : 0.125
Entity type 2 id:14 quality: aspect ratio : 1.39385
Entity type 2 id:14 quality: minimum angle : 45
Entity type 2 id:14 quality: area : 0.125
Entity type 2 id:14 quality: maximum angle : 90
Global id = 0
  Adjacencies:
   Vertex 44, Vertex 35, Vertex 33
   Tet 5
Dense tags:
  GLOBAL_ID = 0 

    edge ratio 1.41421 
    maximum Frobenius aspect 1.1547 
    condition number 1.1547 
    scaled jacobian 0.816497 
    shape 0.866025 
    relative size squared 0.015625 
    shape and size 0.0135316 
    distortion 1 
    radius ratio 0.125 
    aspect ratio 0.125 
    minimum angle 45 
    area 0.125 
    maximum angle 90 
Entity type 2 id:15 quality: edge ratio : 1.41421
Entity type 2 id:15 quality: maximum Frobenius aspect : 1.1547
Entity type 2 id:15 quality: condition number : 1.1547
Entity type 2 id:15 quality: scaled jacobian : 0.816497
Entity type 2 id:15 quality: shape : 0.866025
Entity type 2 id:15 quality: relative size squared : 0.0625
Entity type 2 id:15 quality: shape and size : 0.0541266
Entity type 2 id:15 quality: distortion : 1
Entity type 2 id:15 quality: radius ratio : 0.5
Entity type 2 id:15 quality: aspect ratio : 1.39385
Entity type 2 id:15 quality: minimum angle : 45
Entity type 2 id:15 quality: area : 0.25
Entity type 2 id:15 quality: maximum angle : 90
Global id = 0
  Adjacencies:
   Vertex 44, Vertex 40, Vertex 35
   Tet 7
Dense tags:
  GLOBAL_ID = 0 

    edge ratio 1.41421 
    maximum Frobenius aspect 1.1547 
    condition number 1.1547 
    scaled jacobian 0.816497 
    shape 0.866025 
    relative size squared 0.0625 
    shape and size 0.0541266 
    distortion 1 
    radius ratio 0.5 
    aspect ratio 0.5 
    minimum angle 45 
    area 0.25 
    maximum angle 90 
Entity type 2 id:16 quality: edge ratio : 1.41421
Entity type 2 id:16 quality: maximum Frobenius aspect : 1.1547
Entity type 2 id:16 quality: condition number : 1.1547
Entity type 2 id:16 quality: scaled jacobian : 0.816497
Entity type 2 id:16 quality: shape : 0.866025
Entity type 2 id:16 quality: relative size squared : 0.015625
Entity type 2 id:16 quality: shape and size : 0.0135316
Entity type 2 id:16 quality: distortion : 1
Entity type 2 id:16 quality: radius ratio : 0.125
Entity type 2 id:16 quality: aspect ratio : 1.39385
Entity type 2 id:16 quality: minimum angle : 45
Entity type 2 id:16 quality: area : 0.125
Entity type 2 id:16 quality: maximum angle : 90
Global id = 0
  Adjacencies:
   Vertex 45, Vertex 28, Vertex 35
   Tet 15
Dense tags:
  GLOBAL_ID = 0 

    edge ratio 1.41421 
    maximum Frobenius aspect 1.1547 
    condition number 1.1547 
    scaled jacobian 0.816497 
    shape 0.866025 
    relative size squared 0.015625 
    shape and size 0.0135316 
    distortion 1 
    radius ratio 0.125 
    aspect ratio 0.125 
    minimum angle 45 
    area 0.125 
    maximum angle 90 
Entity type 2 id:17 quality: edge ratio : 1.41421
Entity type 2 id:17 quality: maximum Frobenius aspect : 1.1547
Entity type 2 id:17 quality: condition number : 1.1547
Entity type 2 id:17 quality: scaled jacobian : 0.816497
Entity type 2 id:17 quality: shape : 0.866025
Entity type 2 id:17 quality: relative size squared : 0.015625
Entity type 2 id:17 quality: shape and size : 0.0135316
Entity type 2 id:17 quality: distortion : 1
Entity type 2 id:17 quality: radius ratio : 0.125
Entity type 2 id:17 quality: aspect ratio : 1.39385
Entity type 2 id:17 quality: minimum angle : 45
Entity type 2 id:17 quality: area : 0.125
Entity type 2 id:17 quality: maximum angle : 90
Global id = 0
  Adjacencies:
   Vertex 45, Vertex 40, Vertex 37
   Tet 16
Dense tags:
  GLOBAL_ID = 0 

    edge ratio 1.41421 
    maximum Frobenius aspect 1.1547 
    condition number 1.1547 
    scaled jacobian 0.816497 
    shape 0.866025 
    relative size squared 0.015625 
    shape and size 0.0135316 
    distortion 1 
    radius ratio 0.125 
    aspect ratio 0.125 
    minimum angle 45 
    area 0.125 
    maximum angle 90 
Entity type 2 id:18 quality: edge ratio : 1.41421
Entity type 2 id:18 quality: maximum Frobenius aspect : 1.1547
Entity type 2 id:18 quality: condition number : 1.1547
Entity type 2 id:18 quality: scaled jacobian : 0.816497
Entity type 2 id:18 quality: shape : 0.866025
Entity type 2 id:18 quality: relative size squared : 0.0625
Entity type 2 id:18 quality: shape and size : 0.0541266
Entity type 2 id:18 quality: distortion : 1
Entity type 2 id:18 quality: radius ratio : 0.5
Entity type 2 id:18 quality: aspect ratio : 1.39385
Entity type 2 id:18 quality: minimum angle : 45
Entity type 2 id:18 quality: area : 0.25
Entity type 2 id:18 quality: maximum angle : 90
Global id = 0
  Adjacencies:
   Vertex 40, Vertex 45, Vertex 35
   Tet 17
Dense tags:
  GLOBAL_ID = 0 

    edge ratio 1.41421 
    maximum Frobenius aspect 1.1547 
    condition number 1.1547 
    scaled jacobian 0.816497 
    shape 0.866025 
    relative size squared 0.0625 
    shape and size 0.0541266 
    distortion 1 
    radius ratio 0.5 
    aspect ratio 0.5 
    minimum angle 45 
    area 0.25 
    maximum angle 90 
Entity type 3 id:1 quality: edge ratio : 1
Entity type 3 id:1 quality: maximum edge ratio : 1
Entity type 3 id:1 quality: skew : 0
Entity type 3 id:1 quality: taper : 0
Entity type 3 id:1 quality: stretch : 1
Entity type 3 id:1 quality: oddy : 0
Entity type 3 id:1 quality: average Frobenius aspect : 1
Entity type 3 id:1 quality: maximum Frobenius aspect : 1
Entity type 3 id:1 quality: condition number : 1
Entity type 3 id:1 quality: jacobian : 0.25
Entity type 3 id:1 quality: scaled jacobian : 1
Entity type 3 id:1 quality: shear : 1
Entity type 3 id:1 quality: shape : 1
Entity type 3 id:1 quality: relative size squared : 1
Entity type 3 id:1 quality: shape and size : 1
Entity type 3 id:1 quality: shear and size : 1
Entity type 3 id:1 quality: distortion : 1
Entity type 3 id:1 quality: radius ratio : 1
Entity type 3 id:1 quality: aspect ratio : 1
Entity type 3 id:1 quality: warpage : 1
Entity type 3 id:1 quality: area : 0.25
Entity type 3 id:1 quality: maximum angle : 90
Global id = 9
  Adjacencies:
   Vertex 1, Vertex 20, Vertex 26, Vertex 3
   Edge 5, Edge 11
   Hex 5
Dense tags:
  GLOBAL_ID = 9 

    edge ratio 1 
    maximum edge ratio 1 
    skew 0 
    taper 0 
    stretch 1 
    oddy 0 
    average Frobenius aspect 1 
    maximum Frobenius aspect 1 
    condition number 1 
    jacobian 0.25 
    scaled jacobian 1 
    shear 1 
    shape 1 
    relative size squared 1 
    shape and size 1 
    shear and size 1 
    distortion 1 
    radius ratio 1 
    aspect ratio 1 
    minimum angle 90 
    warpage 1 
    area 0.25 
    maximum angle 90 
Entity type 3 id:2 quality: edge ratio : 1
Entity type 3 id:2 quality: maximum edge ratio : 1
Entity type 3 id:2 quality: skew : 0
Entity type 3 id:2 quality: taper : 0
Entity type 3 id:2 quality: stretch : 1
Entity type 3 id:2 quality: oddy : 0
Entity type 3 id:2 quality: average Frobenius aspect : 1
Entity type 3 id:2 quality: maximum Frobenius aspect : 1
Entity type 3 id:2 quality: condition number : 1
Entity type 3 id:2 quality: jacobian : 0.25
Entity type 3 id:2 quality: scaled jacobian : 1
Entity type 3 id:2 quality: shear : 1
Entity type 3 id:2 quality: shape : 1
Entity type 3 id:2 quality: relative size squared : 1
Entity type 3 id:2 quality: shape and size : 1
Entity type 3 id:2 quality: shear and size : 1
Entity type 3 id:2 quality: distortion : 1
Entity type 3 id:2 quality: radius ratio : 1
Entity type 3 id:2 quality: aspect ratio : 1
Entity type 3 id:2 quality: warpage : 1
Entity type 3 id:2 quality: area : 0.25
Entity type 3 id:2 quality: maximum angle : 90
Global id = 10
  Adjacencies:
   Vertex 20, Vertex 11, Vertex 12, Vertex 26
   Edge 6, Edge 7
   Hex 6
Dense tags:
  GLOBAL_ID = 10 

    edge ratio 1 
    maximum edge ratio 1 
    skew 0 
    taper 0 
    stretch 1 
    oddy 0 
    average Frobenius aspect 1 
    maximum Frobenius aspect 1 
    condition number 1 
    jacobian 0.25 
    scaled jacobian 1 
    shear 1 
    shape 1 
    relative size squared 1 
    shape and size 1 
    shear and size 1 
    distortion 1 
    radius ratio 1 
    aspect ratio 1 
    minimum angle 90 
    warpage 1 
    area 0.25 
    maximum angle 90 
Entity type 3 id:3 quality: edge ratio : 1
Entity type 3 id:3 quality: maximum edge ratio : 1
Entity type 3 id:3 quality: skew : 0
Entity type 3 id:3 quality: taper : 0
Entity type 3 id:3 quality: stretch : 1
Entity type 3 id:3 quality: oddy : 0
Entity type 3 id:3 quality: average Frobenius aspect : 1
Entity type 3 id:3 quality: maximum Frobenius aspect : 1
Entity type 3 id:3 quality: condition number : 1
Entity type 3 id:3 quality: jacobian : 0.25
Entity type 3 id:3 quality: scaled jacobian : 1
Entity type 3 id:3 quality: shear : 1
Entity type 3 id:3 quality: shape : 1
Entity type 3 id:3 quality: relative size squared : 1
Entity type 3 id:3 quality: shape and size : 1
Entity type 3 id:3 quality: shear and size : 1
Entity type 3 id:3 quality: distortion : 1
Entity type 3 id:3 quality: radius ratio : 1
Entity type 3 id:3 quality: aspect ratio : 1
Entity type 3 id:3 quality: warpage : 1
Entity type 3 id:3 quality: area : 0.25
Entity type 3 id:3 quality: maximum angle : 90
Global id = 11
  Adjacencies:
   Vertex 3, Vertex 26, Vertex 24, Vertex 2
   Edge 9, Edge 12
   Hex 7
Dense tags:
  GLOBAL_ID = 11 

    edge ratio 1 
    maximum edge ratio 1 
    skew 0 
    taper 0 
    stretch 1 
    oddy 0 
    average Frobenius aspect 1 
    maximum Frobenius aspect 1 
    condition number 1 
    jacobian 0.25 
    scaled jacobian 1 
    shear 1 
    shape 1 
    relative size squared 1 
    shape and size 1 
    shear and size 1 
    distortion 1 
    radius ratio 1 
    aspect ratio 1 
    minimum angle 90 
    warpage 1 
    area 0.25 
    maximum angle 90 
Entity type 3 id:4 quality: edge ratio : 1
Entity type 3 id:4 quality: maximum edge ratio : 1
Entity type 3 id:4 quality: skew : 0
Entity type 3 id:4 quality: taper : 0
Entity type 3 id:4 quality: stretch : 1
Entity type 3 id:4 quality: oddy : 0
Entity type 3 id:4 quality: average Frobenius aspect : 1
Entity type 3 id:4 quality: maximum Frobenius aspect : 1
Entity type 3 id:4 quality: condition number : 1
Entity type 3 id:4 quality: jacobian : 0.25
Entity type 3 id:4 quality: scaled jacobian : 1
Entity type 3 id:4 quality: shear : 1
Entity type 3 id:4 quality: shape : 1
Entity type 3 id:4 quality: relative size squared : 1
Entity type 3 id:4 quality: shape and size : 1
Entity type 3 id:4 quality: shear and size : 1
Entity type 3 id:4 quality: distortion : 1
Entity type 3 id:4 quality: radius ratio : 1
Entity type 3 id:4 quality: aspect ratio : 1
Entity type 3 id:4 quality: warpage : 1
Entity type 3 id:4 quality: area : 0.25
Entity type 3 id:4 quality: maximum angle : 90
Global id = 12
  Adjacencies:
   Vertex 26, Vertex 12, Vertex 10, Vertex 24
   Edge 8, Edge 10
   Hex 8
Dense tags:
  GLOBAL_ID = 12 

    edge ratio 1 
    maximum edge ratio 1 
    skew 0 
    taper 0 
    stretch 1 
    oddy 0 
    average Frobenius aspect 1 
    maximum Frobenius aspect 1 
    condition number 1 
    jacobian 0.25 
    scaled jacobian 1 
    shear 1 
    shape 1 
    relative size squared 1 
    shape and size 1 
    shear and size 1 
    distortion 1 
    radius ratio 1 
    aspect ratio 1 
    minimum angle 90 
    warpage 1 
    area 0.25 
    maximum angle 90 
Entity type 3 id:5 quality: edge ratio : 1
Entity type 3 id:5 quality: maximum edge ratio : 1
Entity type 3 id:5 quality: skew : 0
Entity type 3 id:5 quality: taper : 0
Entity type 3 id:5 quality: stretch : 1
Entity type 3 id:5 quality: oddy : 0
Entity type 3 id:5 quality: average Frobenius aspect : 1
Entity type 3 id:5 quality: maximum Frobenius aspect : 1
Entity type 3 id:5 quality: condition number : 1
Entity type 3 id:5 quality: jacobian : 0.25
Entity type 3 id:5 quality: scaled jacobian : 1
Entity type 3 id:5 quality: shear : 1
Entity type 3 id:5 quality: shape : 1
Entity type 3 id:5 quality: relative size squared : 1
Entity type 3 id:5 quality: shape and size : 1
Entity type 3 id:5 quality: shear and size : 1
Entity type 3 id:5 quality: distortion : 1
Entity type 3 id:5 quality: radius ratio : 1
Entity type 3 id:5 quality: aspect ratio : 1
Entity type 3 id:5 quality: warpage : 1
Entity type 3 id:5 quality: area : 0.25
Entity type 3 id:5 quality: maximum angle : 90
Global id = 0
  Adjacencies:
   Vertex 7, Vertex 6, Vertex 8, Vertex 9
   Hex 1
Dense tags:
  GLOBAL_ID = 0 

    edge ratio 1 
    maximum edge ratio 1 
    skew 0 
    taper 0 
    stretch 1 
    oddy 0 
    average Frobenius aspect 1 
    maximum Frobenius aspect 1 
    condition number 1 
    jacobian 0.25 
    scaled jacobian 1 
    shear 1 
    shape 1 
    relative size squared 1 
    shape and size 1 
    shear and size 1 
    distortion 1 
    radius ratio 1 
    aspect ratio 1 
    minimum angle 90 
    warpage 1 
    area 0.25 
    maximum angle 90 
Entity type 3 id:6 quality: edge ratio : 1
Entity type 3 id:6 quality: maximum edge ratio : 1
Entity type 3 id:6 quality: skew : 0
Entity type 3 id:6 quality: taper : 0
Entity type 3 id:6 quality: stretch : 1
Entity type 3 id:6 quality: oddy : 0
Entity type 3 id:6 quality: average Frobenius aspect : 1
Entity type 3 id:6 quality: maximum Frobenius aspect : 1
Entity type 3 id:6 quality: condition number : 1
Entity type 3 id:6 quality: jacobian : 0.25
Entity type 3 id:6 quality: scaled jacobian : 1
Entity type 3 id:6 quality: shear : 1
Entity type 3 id:6 quality: shape : 1
Entity type 3 id:6 quality: relative size squared : 1
Entity type 3 id:6 quality: shape and size : 1
Entity type 3 id:6 quality: shear and size : 1
Entity type 3 id:6 quality: distortion : 1
Entity type 3 id:6 quality: radius ratio : 1
Entity type 3 id:6 quality: aspect ratio : 1
Entity type 3 id:6 quality: warpage : 1
Entity type 3 id:6 quality: area : 0.25
Entity type 3 id:6 quality: maximum angle : 90
Global id = 0
  Adjacencies:
   Vertex 4, Vertex 7, Vertex 9, Vertex 5
   Hex 3
Dense tags:
  GLOBAL_ID = 0 

    edge ratio 1 
    maximum edge ratio 1 
    skew 0 
    taper 0 
    stretch 1 
    oddy 0 
    average Frobenius aspect 1 
    maximum Frobenius aspect 1 
    condition number 1 
    jacobian 0.25 
    scaled jacobian 1 
    shear 1 
    shape 1 
    relative size squared 1 
    shape and size 1 
    shear and size 1 
    distortion 1 
    radius ratio 1 
    aspect ratio 1 
    minimum angle 90 
    warpage 1 
    area 0.25 
    maximum angle 90 
Entity type 3 id:7 quality: edge ratio : 1
Entity type 3 id:7 quality: maximum edge ratio : 1
Entity type 3 id:7 quality: skew : 0
Entity type 3 id:7 quality: taper : 0
Entity type 3 id:7 quality: stretch : 1
Entity type 3 id:7 quality: oddy : 0
Entity type 3 id:7 quality: average Frobenius aspect : 1
Entity type 3 id:7 quality: maximum Frobenius aspect : 1
Entity type 3 id:7 quality: condition number : 1
Entity type 3 id:7 quality: jacobian : 0.25
Entity type 3 id:7 quality: scaled jacobian : 1
Entity type 3 id:7 quality: shear : 1
Entity type 3 id:7 quality: shape : 1
Entity type 3 id:7 quality: relative size squared : 1
Entity type 3 id:7 quality: shape and size : 1
Entity type 3 id:7 quality: shear and size : 1
Entity type 3 id:7 quality: distortion : 1
Entity type 3 id:7 quality: radius ratio : 1
Entity type 3 id:7 quality: aspect ratio : 1
Entity type 3 id:7 quality: warpage : 1
Entity type 3 id:7 quality: area : 0.25
Entity type 3 id:7 quality: maximum angle : 90
Global id = 0
  Adjacencies:
   Vertex 9, Vertex 8, Vertex 1, Vertex 3
   Edge 11
   Hex 5
Dense tags:
  GLOBAL_ID = 0 

    edge ratio 1 
    maximum edge ratio 1 
    skew 0 
    taper 0 
    stretch 1 
    oddy 0 
    average Frobenius aspect 1 
    maximum Frobenius aspect 1 
    condition number 1 
    jacobian 0.25 
    scaled jacobian 1 
    shear 1 
    shape 1 
    relative size squared 1 
    shape and size 1 
    shear and size 1 
    distortion 1 
    radius ratio 1 
    aspect ratio 1 
    minimum angle 90 
    warpage 1 
    area 0.25 
    maximum angle 90 
Entity type 3 id:8 quality: edge ratio : 1
Entity type 3 id:8 quality: maximum edge ratio : 1
Entity type 3 id:8 quality: skew : 0
Entity type 3 id:8 quality: taper : 0
Entity type 3 id:8 quality: stretch : 1
Entity type 3 id:8 quality: oddy : 0
Entity type 3 id:8 quality: average Frobenius aspect : 1
Entity type 3 id:8 quality: maximum Frobenius aspect : 1
Entity type 3 id:8 quality: condition number : 1
Entity type 3 id:8 quality: jacobian : 0.25
Entity type 3 id:8 quality: scaled jacobian : 1
Entity type 3 id:8 quality: shear : 1
Entity type 3 id:8 quality: shape : 1
Entity type 3 id:8 quality: relative size squared : 1
Entity type 3 id:8 quality: shape and size : 1
Entity type 3 id:8 quality: shear and size : 1
Entity type 3 id:8 quality: distortion : 1
Entity type 3 id:8 quality: radius ratio : 1
Entity type 3 id:8 quality: aspect ratio : 1
Entity type 3 id:8 quality: warpage : 1
Entity type 3 id:8 quality: area : 0.25
Entity type 3 id:8 quality: maximum angle : 90
Global id = 0
  Adjacencies:
   Vertex 5, Vertex 9, Vertex 3, Vertex 2
   Edge 12
   Hex 7
Dense tags:
  GLOBAL_ID = 0 

    edge ratio 1 
    maximum edge ratio 1 
    skew 0 
    taper 0 
    stretch 1 
    oddy 0 
    average Frobenius aspect 1 
    maximum Frobenius aspect 1 
    condition number 1 
    jacobian 0.25 
    scaled jacobian 1 
    shear 1 
    shape 1 
    relative size squared 1 
    shape and size 1 
    shear and size 1 
    distortion 1 
    radius ratio 1 
    aspect ratio 1 
    minimum angle 90 
    warpage 1 
    area 0.25 
    maximum angle 90 
Entity type 5 id:1 quality: edge ratio : 2
Entity type 5 id:1 quality: volume : 0.0833333
Entity type 5 id:1 quality: maximum Frobenius aspect : 1.36491
Entity type 5 id:1 quality: condition number : 1.34371
Entity type 5 id:1 quality: jacobian : 0.5
Entity type 5 id:1 quality: scaled jacobian : 0.408248
Entity type 5 id:1 quality: shape : 0.732647
Entity type 5 id:1 quality: relative size squared : 0.00694444
Entity type 5 id:1 quality: radius ratio : 1.44869
Entity type 5 id:1 quality: aspect beta : 1.44869
Entity type 5 id:1 quality: aspect ratio : 1.77427
Entity type 5 id:1 quality: aspect gamma : 1.59462
Entity type 5 id:1 quality: minimum angle : 54.7356
Entity type 5 id:1 quality: collapse ratio : 0.353553
Global id = 13
  Adjacencies:
   Vertex 43, Vertex 35, Vertex 42, Vertex 40
Dense tags:
  GLOBAL_ID = 13 

    edge ratio 0 
    volume 0.0833333 
    maximum Frobenius aspect 1.36491 
    condition number 1.34371 
    jacobian 0.5 
    scaled jacobian 0.408248 
    shape 0.732647 
    relative size squared 0.00694444 
    shape and size 0.00508782 
    distortion 1 
    radius ratio 1.44869 
    aspect beta 1.44869 
    aspect ratio 1.77427 
    aspect gamma 1.59462 
    minimum angle 54.7356 
    collapse ratio 0.353553 
Entity type 5 id:2 quality: edge ratio : 2
Entity type 5 id:2 quality: volume : 0.0833333
Entity type 5 id:2 quality: maximum Frobenius aspect : 1.36491
Entity type 5 id:2 quality: condition number : 1.34371
Entity type 5 id:2 quality: jacobian : 0.5
Entity type 5 id:2 quality: scaled jacobian : 0.408248
Entity type 5 id:2 quality: shape : 0.732647
Entity type 5 id:2 quality: relative size squared : 0.00694444
Entity type 5 id:2 quality: radius ratio : 1.44869
Entity type 5 id:2 quality: aspect beta : 1.44869
Entity type 5 id:2 quality: aspect ratio : 1.77427
Entity type 5 id:2 quality: aspect gamma : 1.59462
Entity type 5 id:2 quality: minimum angle : 45
Entity type 5 id:2 quality: collapse ratio : 0.353553
Global id = 14
  Adjacencies:
   Vertex 35, Vertex 34, Vertex 32, Vertex 43
   Tri 7
Dense tags:
  GLOBAL_ID = 14 

    edge ratio 0 
    volume 0.0833333 
    maximum Frobenius aspect 1.36491 
    condition number 1.34371 
    jacobian 0.5 
    scaled jacobian 0.408248 
    shape 0.732647 
    relative size squared 0.00694444 
    shape and size 0.00508782 
    distortion 1 
    radius ratio 1.44869 
    aspect beta 1.44869 
    aspect ratio 1.77427 
    aspect gamma 1.59462 
    minimum angle 45 
    collapse ratio 0.353553 
Entity type 5 id:3 quality: edge ratio : 1.41421
Entity type 5 id:3 quality: volume : 0.0208333
Entity type 5 id:3 quality: maximum Frobenius aspect : 1.19055
Entity type 5 id:3 quality: condition number : 1.22474
Entity type 5 id:3 quality: jacobian : 0.125
Entity type 5 id:3 quality: scaled jacobian : 0.707107
Entity type 5 id:3 quality: shape : 0.839947
Entity type 5 id:3 quality: relative size squared : 0.000434028
Entity type 5 id:3 quality: radius ratio : 1.36603
Entity type 5 id:3 quality: aspect beta : 1.36603
Entity type 5 id:3 quality: aspect ratio : 1.36603
Entity type 5 id:3 quality: aspect gamma : 1.29904
Entity type 5 id:3 quality: minimum angle : 54.7356
Entity type 5 id:3 quality: collapse ratio : 0.408248
Global id = 15
  Adjacencies:
   Vertex 44, Vertex 42, Vertex 40, Vertex 39
   Tri 13
Dense tags:
  GLOBAL_ID = 15 

    edge ratio 0 
    volume 0.0208333 
    maximum Frobenius aspect 1.19055 
    condition number 1.22474 
    jacobian 0.125 
    scaled jacobian 0.707107 
    shape 0.839947 
    relative size squared 0.000434028 
    shape and size 0.00036456 
    distortion 1 
    radius ratio 1.36603 
    aspect beta 1.36603 
    aspect ratio 1.36603 
    aspect gamma 1.29904 
    minimum angle 54.7356 
    collapse ratio 0.408248 
Entity type 5 id:4 quality: edge ratio : 1.73205
Entity type 5 id:4 quality: volume : 0.0416667
Entity type 5 id:4 quality: maximum Frobenius aspect : 1.5
Entity type 5 id:4 quality: condition number : 1.5
Entity type 5 id:4 quality: jacobian : 0.25
Entity type 5 id:4 quality: scaled jacobian : 0.408248
Entity type 5 id:4 quality: shape : 0.666667
Entity type 5 id:4 quality: relative size squared : 0.00173611
Entity type 5 id:4 quality: radius ratio : 1.95457
Entity type 5 id:4 quality: aspect beta : 1.95457
Entity type 5 id:4 quality: aspect ratio : 2.07313
Entity type 5 id:4 quality: aspect gamma : 1.83712
Entity type 5 id:4 quality: minimum angle : 45
Entity type 5 id:4 quality: collapse ratio : 0.353553
Global id = 16
  Adjacencies:
   Vertex 34, Vertex 42, Vertex 35, Vertex 44
Dense tags:
  GLOBAL_ID = 16 

    edge ratio 0 
    volume 0.0416667 
    maximum Frobenius aspect 1.5 
    condition number 1.5 
    jacobian 0.25 
    scaled jacobian 0.408248 
    shape 0.666667 
    relative size squared 0.00173611 
    shape and size 0.00115741 
    distortion 1 
    radius ratio 1.95457 
    aspect beta 1.95457 
    aspect ratio 2.07313 
    aspect gamma 1.83712 
    minimum angle 45 
    collapse ratio 0.353553 
Entity type 5 id:5 quality: edge ratio : 1.41421
Entity type 5 id:5 quality: volume : 0.0208333
Entity type 5 id:5 quality: maximum Frobenius aspect : 1.19055
Entity type 5 id:5 quality: condition number : 1.22474
Entity type 5 id:5 quality: jacobian : 0.125
Entity type 5 id:5 quality: scaled jacobian : 0.707107
Entity type 5 id:5 quality: shape : 0.839947
Entity type 5 id:5 quality: relative size squared : 0.000434028
Entity type 5 id:5 quality: radius ratio : 1.36603
Entity type 5 id:5 quality: aspect beta : 1.36603
Entity type 5 id:5 quality: aspect ratio : 1.36603
Entity type 5 id:5 quality: aspect gamma : 1.29904
Entity type 5 id:5 quality: minimum angle : 54.7356
Entity type 5 id:5 quality: collapse ratio : 0.408248
Global id = 17
  Adjacencies:
   Vertex 44, Vertex 34, Vertex 33, Vertex 35
   Tri 8, Tri 14
Dense tags:
  GLOBAL_ID = 17 

    edge ratio 0 
    volume 0.0208333 
    maximum Frobenius aspect 1.19055 
    condition number 1.22474 
    jacobian 0.125 
    scaled jacobian 0.707107 
    shape 0.839947 
    relative size squared 0.000434028 
    shape and size 0.00036456 
    distortion 1 
    radius ratio 1.36603 
    aspect beta 1.36603 
    aspect ratio 1.36603 
    aspect gamma 1.29904 
    minimum angle 54.7356 
    collapse ratio 0.408248 
Entity type 5 id:6 quality: edge ratio : 2
Entity type 5 id:6 quality: volume : 0.0833333
Entity type 5 id:6 quality: maximum Frobenius aspect : 1.36491
Entity type 5 id:6 quality: condition number : 1.34371
Entity type 5 id:6 quality: jacobian : 0.5
Entity type 5 id:6 quality: scaled jacobian : 0.408248
Entity type 5 id:6 quality: shape : 0.732647
Entity type 5 id:6 quality: relative size squared : 0.00694444
Entity type 5 id:6 quality: radius ratio : 1.44869
Entity type 5 id:6 quality: aspect beta : 1.44869
Entity type 5 id:6 quality: aspect ratio : 1.77427
Entity type 5 id:6 quality: aspect gamma : 1.59462
Entity type 5 id:6 quality: minimum angle : 45
Entity type 5 id:6 quality: collapse ratio : 0.408248
Global id = 18
  Adjacencies:
   Vertex 32, Vertex 43, Vertex 30, Vertex 35
   Tri 9
Dense tags:
  GLOBAL_ID = 18 

    edge ratio 0 
    volume 0.0833333 
    maximum Frobenius aspect 1.36491 
    condition number 1.34371 
    jacobian 0.5 
    scaled jacobian 0.408248 
    shape 0.732647 
    relative size squared 0.00694444 
    shape and size 0.00508782 
    distortion 1 
    radius ratio 1.44869 
    aspect beta 1.44869 
    aspect ratio 1.77427 
    aspect gamma 1.59462 
    minimum angle 45 
    collapse ratio 0.408248 
Entity type 5 id:7 quality: edge ratio : 1.73205
Entity type 5 id:7 quality: volume : 0.0416667
Entity type 5 id:7 quality: maximum Frobenius aspect : 1.5
Entity type 5 id:7 quality: condition number : 1.5
Entity type 5 id:7 quality: jacobian : 0.25
Entity type 5 id:7 quality: scaled jacobian : 0.408248
Entity type 5 id:7 quality: shape : 0.666667
Entity type 5 id:7 quality: relative size squared : 0.00173611
Entity type 5 id:7 quality: radius ratio : 1.95457
Entity type 5 id:7 quality: aspect beta : 1.95457
Entity type 5 id:7 quality: aspect ratio : 2.07313
Entity type 5 id:7 quality: aspect gamma : 1.83712
Entity type 5 id:7 quality: minimum angle : 35.2644
Entity type 5 id:7 quality: collapse ratio : 0.288675
Global id = 19
  Adjacencies:
   Vertex 44, Vertex 40, Vertex 42, Vertex 35
   Tri 15
Dense tags:
  GLOBAL_ID = 19 

    edge ratio 0 
    volume 0.0416667 
    maximum Frobenius aspect 1.5 
    condition number 1.5 
    jacobian 0.25 
    scaled jacobian 0.408248 
    shape 0.666667 
    relative size squared 0.00173611 
    shape and size 0.00115741 
    distortion 1 
    radius ratio 1.95457 
    aspect beta 1.95457 
    aspect ratio 2.07313 
    aspect gamma 1.83712 
    minimum angle 35.2644 
    collapse ratio 0.288675 
Entity type 5 id:8 quality: edge ratio : 1.73205
Entity type 5 id:8 quality: volume : 0.0416667
Entity type 5 id:8 quality: maximum Frobenius aspect : 1.5
Entity type 5 id:8 quality: condition number : 1.5
Entity type 5 id:8 quality: jacobian : 0.25
Entity type 5 id:8 quality: scaled jacobian : 0.408248
Entity type 5 id:8 quality: shape : 0.666667
Entity type 5 id:8 quality: relative size squared : 0.00173611
Entity type 5 id:8 quality: radius ratio : 1.95457
Entity type 5 id:8 quality: aspect beta : 1.95457
Entity type 5 id:8 quality: aspect ratio : 2.07313
Entity type 5 id:8 quality: aspect gamma : 1.83712
Entity type 5 id:8 quality: minimum angle : 35.2644
Entity type 5 id:8 quality: collapse ratio : 0.288675
Global id = 20
  Adjacencies:
   Vertex 35, Vertex 45, Vertex 38, Vertex 30
   Tri 5
Dense tags:
  GLOBAL_ID = 20 

    edge ratio 0 
    volume 0.0416667 
    maximum Frobenius aspect 1.5 
    condition number 1.5 
    jacobian 0.25 
    scaled jacobian 0.408248 
    shape 0.666667 
    relative size squared 0.00173611 
    shape and size 0.00115741 
    distortion 1 
    radius ratio 1.95457 
    aspect beta 1.95457 
    aspect ratio 2.07313 
    aspect gamma 1.83712 
    minimum angle 35.2644 
    collapse ratio 0.288675 
Entity type 5 id:9 quality: edge ratio : 2
Entity type 5 id:9 quality: volume : 0.0833333
Entity type 5 id:9 quality: maximum Frobenius aspect : 1.46991
Entity type 5 id:9 quality: condition number : 1.39443
Entity type 5 id:9 quality: jacobian : 0.5
Entity type 5 id:9 quality: scaled jacobian : 0.57735
Entity type 5 id:9 quality: shape : 0.680315
Entity type 5 id:9 quality: relative size squared : 0.00694444
Entity type 5 id:9 quality: radius ratio : 1.48316
Entity type 5 id:9 quality: aspect beta : 1.48316
Entity type 5 id:9 quality: aspect ratio : 1.8165
Entity type 5 id:9 quality: aspect gamma : 1.78211
Entity type 5 id:9 quality: minimum angle : 35.2644
Entity type 5 id:9 quality: collapse ratio : 0.408248
Global id = 21
  Adjacencies:
   Vertex 30, Vertex 35, Vertex 43, Vertex 38
Dense tags:
  GLOBAL_ID = 21 

    edge ratio 0 
    volume 0.0833333 
    maximum Frobenius aspect 1.46991 
    condition number 1.39443 
    jacobian 0.5 
    scaled jacobian 0.57735 
    shape 0.680315 
    relative size squared 0.00694444 
    shape and size 0.00472441 
    distortion 1 
    radius ratio 1.48316 
    aspect beta 1.48316 
    aspect ratio 1.8165 
    aspect gamma 1.78211 
    minimum angle 35.2644 
    collapse ratio 0.408248 
Entity type 5 id:10 quality: edge ratio : 1.41421
Entity type 5 id:10 quality: volume : 0.0208333
Entity type 5 id:10 quality: maximum Frobenius aspect : 1.19055
Entity type 5 id:10 quality: condition number : 1.22474
Entity type 5 id:10 quality: jacobian : 0.125
Entity type 5 id:10 quality: scaled jacobian : 0.707107
Entity type 5 id:10 quality: shape : 0.839947
Entity type 5 id:10 quality: relative size squared : 0.000434028
Entity type 5 id:10 quality: radius ratio : 1.36603
Entity type 5 id:10 quality: aspect beta : 1.36603
Entity type 5 id:10 quality: aspect ratio : 1.36603
Entity type 5 id:10 quality: aspect gamma : 1.29904
Entity type 5 id:10 quality: minimum angle : 54.7356
Entity type 5 id:10 quality: collapse ratio : 0.408248
Global id = 22
  Adjacencies:
   Vertex 41, Vertex 46, Vertex 42, Vertex 43
Dense tags:
  GLOBAL_ID = 22 

    edge ratio 0 
    volume 0.0208333 
    maximum Frobenius aspect 1.19055 
    condition number 1.22474 
    jacobian 0.125 
    scaled jacobian 0.707107 
    shape 0.839947 
    relative size squared 0.000434028 
    shape and size 0.00036456 
    distortion 1 
    radius ratio 1.36603 
    aspect beta 1.36603 
    aspect ratio 1.36603 
    aspect gamma 1.29904 
    minimum angle 54.7356 
    collapse ratio 0.408248 
Entity type 5 id:11 quality: edge ratio : 1.73205
Entity type 5 id:11 quality: volume : 0.0416667
Entity type 5 id:11 quality: maximum Frobenius aspect : 1.5
Entity type 5 id:11 quality: condition number : 1.5
Entity type 5 id:11 quality: jacobian : 0.25
Entity type 5 id:11 quality: scaled jacobian : 0.408248
Entity type 5 id:11 quality: shape : 0.666667
Entity type 5 id:11 quality: relative size squared : 0.00173611
Entity type 5 id:11 quality: radius ratio : 1.95457
Entity type 5 id:11 quality: aspect beta : 1.95457
Entity type 5 id:11 quality: aspect ratio : 2.07313
Entity type 5 id:11 quality: aspect gamma : 1.83712
Entity type 5 id:11 quality: minimum angle : 45
Entity type 5 id:11 quality: collapse ratio : 0.288675
Global id = 23
  Adjacencies:
   Vertex 47, Vertex 32, Vertex 43, Vertex 30
Dense tags:
  GLOBAL_ID = 23 

    edge ratio 0 
    volume 0.0416667 
    maximum Frobenius aspect 1.5 
    condition number 1.5 
    jacobian 0.25 
    scaled jacobian 0.408248 
    shape 0.666667 
    relative size squared 0.00173611 
    shape and size 0.00115741 
    distortion 1 
    radius ratio 1.95457 
    aspect beta 1.95457 
    aspect ratio 2.07313 
    aspect gamma 1.83712 
    minimum angle 45 
    collapse ratio 0.288675 
Entity type 5 id:12 quality: edge ratio : 1.73205
Entity type 5 id:12 quality: volume : 0.0416667
Entity type 5 id:12 quality: maximum Frobenius aspect : 1.5
Entity type 5 id:12 quality: condition number : 1.5
Entity type 5 id:12 quality: jacobian : 0.25
Entity type 5 id:12 quality: scaled jacobian : 0.408248
Entity type 5 id:12 quality: shape : 0.666667
Entity type 5 id:12 quality: relative size squared : 0.00173611
Entity type 5 id:12 quality: radius ratio : 1.95457
Entity type 5 id:12 quality: aspect beta : 1.95457
Entity type 5 id:12 quality: aspect ratio : 2.07313
Entity type 5 id:12 quality: aspect gamma : 1.83712
Entity type 5 id:12 quality: minimum angle : 35.2644
Entity type 5 id:12 quality: collapse ratio : 0.288675
Global id = 24
  Adjacencies:
   Vertex 43, Vertex 34, Vertex 32, Vertex 46
Dense tags:
  GLOBAL_ID = 24 

    edge ratio 0 
    volume 0.0416667 
    maximum Frobenius aspect 1.5 
    condition number 1.5 
    jacobian 0.25 
    scaled jacobian 0.408248 
    shape 0.666667 
    relative size squared 0.00173611 
    shape and size 0.00115741 
    distortion 1 
    radius ratio 1.95457 
    aspect beta 1.95457 
    aspect ratio 2.07313 
    aspect gamma 1.83712 
    minimum angle 35.2644 
    collapse ratio 0.288675 
Entity type 5 id:13 quality: edge ratio : 2
Entity type 5 id:13 quality: volume : 0.0833333
Entity type 5 id:13 quality: maximum Frobenius aspect : 1.46991
Entity type 5 id:13 quality: condition number : 1.39443
Entity type 5 id:13 quality: jacobian : 0.5
Entity type 5 id:13 quality: scaled jacobian : 0.57735
Entity type 5 id:13 quality: shape : 0.680315
Entity type 5 id:13 quality: relative size squared : 0.00694444
Entity type 5 id:13 quality: radius ratio : 1.48316
Entity type 5 id:13 quality: aspect beta : 1.48316
Entity type 5 id:13 quality: aspect ratio : 1.8165
Entity type 5 id:13 quality: aspect gamma : 1.78211
Entity type 5 id:13 quality: minimum angle : 35.2644
Entity type 5 id:13 quality: collapse ratio : 0.408248
Global id = 25
  Adjacencies:
   Vertex 34, Vertex 42, Vertex 43, Vertex 35
Dense tags:
  GLOBAL_ID = 25 

    edge ratio 0 
    volume 0.0833333 
    maximum Frobenius aspect 1.46991 
    condition number 1.39443 
    jacobian 0.5 
    scaled jacobian 0.57735 
    shape 0.680315 
    relative size squared 0.00694444 
    shape and size 0.00472441 
    distortion 1 
    radius ratio 1.48316 
    aspect beta 1.48316 
    aspect ratio 1.8165 
    aspect gamma 1.78211 
    minimum angle 35.2644 
    collapse ratio 0.408248 
Entity type 5 id:14 quality: edge ratio : 1.41421
Entity type 5 id:14 quality: volume : 0.0208333
Entity type 5 id:14 quality: maximum Frobenius aspect : 1.19055
Entity type 5 id:14 quality: condition number : 1.22474
Entity type 5 id:14 quality: jacobian : 0.125
Entity type 5 id:14 quality: scaled jacobian : 0.707107
Entity type 5 id:14 quality: shape : 0.839947
Entity type 5 id:14 quality: relative size squared : 0.000434028
Entity type 5 id:14 quality: radius ratio : 1.36603
Entity type 5 id:14 quality: aspect beta : 1.36603
Entity type 5 id:14 quality: aspect ratio : 1.36603
Entity type 5 id:14 quality: aspect gamma : 1.29904
Entity type 5 id:14 quality: minimum angle : 54.7356
Entity type 5 id:14 quality: collapse ratio : 0.408248
Global id = 26
  Adjacencies:
   Vertex 46, Vertex 31, Vertex 34, Vertex 32
   Tri 10
Dense tags:
  GLOBAL_ID = 26 

    edge ratio 0 
    volume 0.0208333 
    maximum Frobenius aspect 1.19055 
    condition number 1.22474 
    jacobian 0.125 
    scaled jacobian 0.707107 
    shape 0.839947 
    relative size squared 0.000434028 
    shape and size 0.00036456 
    distortion 1 
    radius ratio 1.36603 
    aspect beta 1.36603 
    aspect ratio 1.36603 
    aspect gamma 1.29904 
    minimum angle 54.7356 
    collapse ratio 0.408248 
Entity type 5 id:15 quality: edge ratio : 1.41421
Entity type 5 id:15 quality: volume : 0.0208333
Entity type 5 id:15 quality: maximum Frobenius aspect : 1.19055
Entity type 5 id:15 quality: condition number : 1.22474
Entity type 5 id:15 quality: jacobian : 0.125
Entity type 5 id:15 quality: scaled jacobian : 0.707107
Entity type 5 id:15 quality: shape : 0.839947
Entity type 5 id:15 quality: relative size squared : 0.000434028
Entity type 5 id:15 quality: radius ratio : 1.36603
Entity type 5 id:15 quality: aspect beta : 1.36603
Entity type 5 id:15 quality: aspect ratio : 1.36603
Entity type 5 id:15 quality: aspect gamma : 1.29904
Entity type 5 id:15 quality: minimum angle : 54.7356
Entity type 5 id:15 quality: collapse ratio : 0.408248
Global id = 27
  Adjacencies:
   Vertex 45, Vertex 30, Vertex 35, Vertex 28
   Tri 1, Tri 11, Tri 16
Dense tags:
  GLOBAL_ID = 27 

    edge ratio 0 
    volume 0.0208333 
    maximum Frobenius aspect 1.19055 
    condition number 1.22474 
    jacobian 0.125 
    scaled jacobian 0.707107 
    shape 0.839947 
    relative size squared 0.000434028 
    shape and size 0.00036456 
    distortion 1 
    radius ratio 1.36603 
    aspect beta 1.36603 
    aspect ratio 1.36603 
    aspect gamma 1.29904 
    minimum angle 54.7356 
    collapse ratio 0.408248 
Entity type 5 id:16 quality: edge ratio : 1.41421
Entity type 5 id:16 quality: volume : 0.0208333
Entity type 5 id:16 quality: maximum Frobenius aspect : 1.19055
Entity type 5 id:16 quality: condition number : 1.22474
Entity type 5 id:16 quality: jacobian : 0.125
Entity type 5 id:16 quality: scaled jacobian : 0.707107
Entity type 5 id:16 quality: shape : 0.839947
Entity type 5 id:16 quality: relative size squared : 0.000434028
Entity type 5 id:16 quality: radius ratio : 1.36603
Entity type 5 id:16 quality: aspect beta : 1.36603
Entity type 5 id:16 quality: aspect ratio : 1.36603
Entity type 5 id:16 quality: aspect gamma : 1.29904
Entity type 5 id:16 quality: minimum angle : 54.7356
Entity type 5 id:16 quality: collapse ratio : 0.408248
Global id = 28
  Adjacencies:
   Vertex 45, Vertex 37, Vertex 40, Vertex 38
   Tri 2, Tri 17
Dense tags:
  GLOBAL_ID = 28 

    edge ratio 0 
    volume 0.0208333 
    maximum Frobenius aspect 1.19055 
    condition number 1.22474 
    jacobian 0.125 
    scaled jacobian 0.707107 
    shape 0.839947 
    relative size squared 0.000434028 
    shape and size 0.00036456 
    distortion 1 
    radius ratio 1.36603 
    aspect beta 1.36603 
    aspect ratio 1.36603 
    aspect gamma 1.29904 
    minimum angle 54.7356 
    collapse ratio 0.408248 
Entity type 5 id:17 quality: edge ratio : 1.73205
Entity type 5 id:17 quality: volume : 0.0416667
Entity type 5 id:17 quality: maximum Frobenius aspect : 1.5
Entity type 5 id:17 quality: condition number : 1.5
Entity type 5 id:17 quality: jacobian : 0.25
Entity type 5 id:17 quality: scaled jacobian : 0.408248
Entity type 5 id:17 quality: shape : 0.666667
Entity type 5 id:17 quality: relative size squared : 0.00173611
Entity type 5 id:17 quality: radius ratio : 1.95457
Entity type 5 id:17 quality: aspect beta : 1.95457
Entity type 5 id:17 quality: aspect ratio : 2.07313
Entity type 5 id:17 quality: aspect gamma : 1.83712
Entity type 5 id:17 quality: minimum angle : 45
Entity type 5 id:17 quality: collapse ratio : 0.288675
Global id = 29
  Adjacencies:
   Vertex 40, Vertex 45, Vertex 38, Vertex 35
   Tri 18
Dense tags:
  GLOBAL_ID = 29 

    edge ratio 0 
    volume 0.0416667 
    maximum Frobenius aspect 1.5 
    condition number 1.5 
    jacobian 0.25 
    scaled jacobian 0.408248 
    shape 0.666667 
    relative size squared 0.00173611 
    shape and size 0.00115741 
    distortion 1 
    radius ratio 1.95457 
    aspect beta 1.95457 
    aspect ratio 2.07313 
    aspect gamma 1.83712 
    minimum angle 45 
    collapse ratio 0.288675 
Entity type 5 id:18 quality: edge ratio : 2
Entity type 5 id:18 quality: volume : 0.0833333
Entity type 5 id:18 quality: maximum Frobenius aspect : 1.36491
Entity type 5 id:18 quality: condition number : 1.34371
Entity type 5 id:18 quality: jacobian : 0.5
Entity type 5 id:18 quality: scaled jacobian : 0.408248
Entity type 5 id:18 quality: shape : 0.732647
Entity type 5 id:18 quality: relative size squared : 0.00694444
Entity type 5 id:18 quality: radius ratio : 1.44869
Entity type 5 id:18 quality: aspect beta : 1.44869
Entity type 5 id:18 quality: aspect ratio : 1.77427
Entity type 5 id:18 quality: aspect gamma : 1.59462
Entity type 5 id:18 quality: minimum angle : 54.7356
Entity type 5 id:18 quality: collapse ratio : 0.353553
Global id = 30
  Adjacencies:
   Vertex 38, Vertex 35, Vertex 43, Vertex 40
Dense tags:
  GLOBAL_ID = 30 

    edge ratio 0 
    volume 0.0833333 
    maximum Frobenius aspect 1.36491 
    condition number 1.34371 
    jacobian 0.5 
    scaled jacobian 0.408248 
    shape 0.732647 
    relative size squared 0.00694444 
    shape and size 0.00508782 
    distortion 1 
    radius ratio 1.44869 
    aspect beta 1.44869 
    aspect ratio 1.77427 
    aspect gamma 1.59462 
    minimum angle 54.7356 
    collapse ratio 0.353553 
Entity type 5 id:19 quality: edge ratio : 1.73205
Entity type 5 id:19 quality: volume : 0.0416667
Entity type 5 id:19 quality: maximum Frobenius aspect : 1.5
Entity type 5 id:19 quality: condition number : 1.5
Entity type 5 id:19 quality: jacobian : 0.25
Entity type 5 id:19 quality: scaled jacobian : 0.408248
Entity type 5 id:19 quality: shape : 0.666667
Entity type 5 id:19 quality: relative size squared : 0.00173611
Entity type 5 id:19 quality: radius ratio : 1.95457
Entity type 5 id:19 quality: aspect beta : 1.95457
Entity type 5 id:19 quality: aspect ratio : 2.07313
Entity type 5 id:19 quality: aspect gamma : 1.83712
Entity type 5 id:19 quality: minimum angle : 35.2644
Entity type 5 id:19 quality: collapse ratio : 0.288675
Global id = 31
  Adjacencies:
   Vertex 46, Vertex 42, Vertex 43, Vertex 34
Dense tags:
  GLOBAL_ID = 31 

    edge ratio 0 
    volume 0.0416667 
    maximum Frobenius aspect 1.5 
    condition number 1.5 
    jacobian 0.25 
    scaled jacobian 0.408248 
    shape 0.666667 
    relative size squared 0.00173611 
    shape and size 0.00115741 
    distortion 1 
    radius ratio 1.95457 
    aspect beta 1.95457 
    aspect ratio 2.07313 
    aspect gamma 1.83712 
    minimum angle 35.2644 
    collapse ratio 0.288675 
Entity type 5 id:20 quality: edge ratio : 1.41421
Entity type 5 id:20 quality: volume : 0.0208333
Entity type 5 id:20 quality: maximum Frobenius aspect : 1.19055
Entity type 5 id:20 quality: condition number : 1.22474
Entity type 5 id:20 quality: jacobian : 0.125
Entity type 5 id:20 quality: scaled jacobian : 0.707107
Entity type 5 id:20 quality: shape : 0.839947
Entity type 5 id:20 quality: relative size squared : 0.000434028
Entity type 5 id:20 quality: radius ratio : 1.36603
Entity type 5 id:20 quality: aspect beta : 1.36603
Entity type 5 id:20 quality: aspect ratio : 1.36603
Entity type 5 id:20 quality: aspect gamma : 1.29904
Entity type 5 id:20 quality: minimum angle : 54.7356
Entity type 5 id:20 quality: collapse ratio : 0.408248
Global id = 32
  Adjacencies:
   Vertex 47, Vertex 38, Vertex 43, Vertex 36
   Tri 3
Dense tags:
  GLOBAL_ID = 32 

    edge ratio 0 
    volume 0.0208333 
    maximum Frobenius aspect 1.19055 
    condition number 1.22474 
    jacobian 0.125 
    scaled jacobian 0.707107 
    shape 0.839947 
    relative size squared 0.000434028 
    shape and size 0.00036456 
    distortion 1 
    radius ratio 1.36603 
    aspect beta 1.36603 
    aspect ratio 1.36603 
    aspect gamma 1.29904 
    minimum angle 54.7356 
    collapse ratio 0.408248 
Entity type 5 id:21 quality: edge ratio : 1.73205
Entity type 5 id:21 quality: volume : 0.0416667
Entity type 5 id:21 quality: maximum Frobenius aspect : 1.5
Entity type 5 id:21 quality: condition number : 1.5
Entity type 5 id:21 quality: jacobian : 0.25
Entity type 5 id:21 quality: scaled jacobian : 0.408248
Entity type 5 id:21 quality: shape : 0.666667
Entity type 5 id:21 quality: relative size squared : 0.00173611
Entity type 5 id:21 quality: radius ratio : 1.95457
Entity type 5 id:21 quality: aspect beta : 1.95457
Entity type 5 id:21 quality: aspect ratio : 2.07313
Entity type 5 id:21 quality: aspect gamma : 1.83712
Entity type 5 id:21 quality: minimum angle : 35.2644
Entity type 5 id:21 quality: collapse ratio : 0.288675
Global id = 33
  Adjacencies:
   Vertex 47, Vertex 43, Vertex 38, Vertex 30
   Tri 6
Dense tags:
  GLOBAL_ID = 33 

    edge ratio 0 
    volume 0.0416667 
    maximum Frobenius aspect 1.5 
    condition number 1.5 
    jacobian 0.25 
    scaled jacobian 0.408248 
    shape 0.666667 
    relative size squared 0.00173611 
    shape and size 0.00115741 
    distortion 1 
    radius ratio 1.95457 
    aspect beta 1.95457 
    aspect ratio 2.07313 
    aspect gamma 1.83712 
    minimum angle 35.2644 
    collapse ratio 0.288675 
Entity type 5 id:22 quality: edge ratio : 1.41421
Entity type 5 id:22 quality: volume : 0.0208333
Entity type 5 id:22 quality: maximum Frobenius aspect : 1.19055
Entity type 5 id:22 quality: condition number : 1.22474
Entity type 5 id:22 quality: jacobian : 0.125
Entity type 5 id:22 quality: scaled jacobian : 0.707107
Entity type 5 id:22 quality: shape : 0.839947
Entity type 5 id:22 quality: relative size squared : 0.000434028
Entity type 5 id:22 quality: radius ratio : 1.36603
Entity type 5 id:22 quality: aspect beta : 1.36603
Entity type 5 id:22 quality: aspect ratio : 1.36603
Entity type 5 id:22 quality: aspect gamma : 1.29904
Entity type 5 id:22 quality: minimum angle : 54.7356
Entity type 5 id:22 quality: collapse ratio : 0.408248
Global id = 34
  Adjacencies:
   Vertex 47, Vertex 30, Vertex 29, Vertex 32
   Tri 12, Tri 4
Dense tags:
  GLOBAL_ID = 34 

    edge ratio 0 
    volume 0.0208333 
    maximum Frobenius aspect 1.19055 
    condition number 1.22474 
    jacobian 0.125 
    scaled jacobian 0.707107 
    shape 0.839947 
    relative size squared 0.000434028 
    shape and size 0.00036456 
    distortion 1 
    radius ratio 1.36603 
    aspect beta 1.36603 
    aspect ratio 1.36603 
    aspect gamma 1.29904 
    minimum angle 54.7356 
    collapse ratio 0.408248 
Entity type 9 id:1 quality: edge ratio : 1
Entity type 9 id:1 quality: maximum edge ratio : 1
Entity type 9 id:1 quality: skew : 0
Entity type 9 id:1 quality: taper : 0
Entity type 9 id:1 quality: volume : 0.125
Entity type 9 id:1 quality: stretch : 1
Entity type 9 id:1 quality: diagonal : 1
Entity type 9 id:1 quality: characteristic length : 0.288675
Entity type 9 id:1 quality: oddy : 0
Entity type 9 id:1 quality: average Frobenius aspect : 1
Entity type 9 id:1 quality: maximum Frobenius aspect : 1
Entity type 9 id:1 quality: condition number : 1
Entity type 9 id:1 quality: jacobian : 0.125
Entity type 9 id:1 quality: scaled jacobian : 1
Entity type 9 id:1 quality: shear : 1
Entity type 9 id:1 quality: shape : 1
Entity type 9 id:1 quality: relative size squared : 0.015625
Entity type 9 id:1 quality: shape and size : 0.015625
Entity type 9 id:1 quality: shear and size : 0.015625
Entity type 9 id:1 quality: distortion : 1
Global id = 1
  Adjacencies:
   Vertex 6, Vertex 19, Vertex 23, Vertex 7, Vertex 8, Vertex 21, Vertex 27, Vertex 9
   Quad 5
Dense tags:
  GLOBAL_ID = 1 

    edge ratio 1 
    maximum edge ratio 1 
    skew 0 
    taper 0 
    volume 0.125 
    stretch 1 
    diagonal 1 
    characteristic length 0.288675 
    oddy 0 
    average Frobenius aspect 1 
    maximum Frobenius aspect 1 
    condition number 1 
    jacobian 0.125 
    scaled jacobian 1 
    shear 1 
    shape 1 
    relative size squared 0.015625 
    shape and size 0.015625 
    shear and size 0.015625 
    distortion 1 
Entity type 9 id:2 quality: edge ratio : 1
Entity type 9 id:2 quality: maximum edge ratio : 1
Entity type 9 id:2 quality: skew : 0
Entity type 9 id:2 quality: taper : 0
Entity type 9 id:2 quality: volume : 0.125
Entity type 9 id:2 quality: stretch : 1
Entity type 9 id:2 quality: diagonal : 1
Entity type 9 id:2 quality: characteristic length : 0.288675
Entity type 9 id:2 quality: oddy : 0
Entity type 9 id:2 quality: average Frobenius aspect : 1
Entity type 9 id:2 quality: maximum Frobenius aspect : 1
Entity type 9 id:2 quality: condition number : 1
Entity type 9 id:2 quality: jacobian : 0.125
Entity type 9 id:2 quality: scaled jacobian : 1
Entity type 9 id:2 quality: shear : 1
Entity type 9 id:2 quality: shape : 1
Entity type 9 id:2 quality: relative size squared : 0.015625
Entity type 9 id:2 quality: shape and size : 0.015625
Entity type 9 id:2 quality: shear and size : 0.015625
Entity type 9 id:2 quality: distortion : 1
Global id = 2
  Adjacencies:
   Vertex 19, Vertex 13, Vertex 16, Vertex 23, Vertex 21, Vertex 14, Vertex 18, Vertex 27
   Edge 2, Edge 4
Dense tags:
  GLOBAL_ID = 2 

    edge ratio 1 
    maximum edge ratio 1 
    skew 0 
    taper 0 
    volume 0.125 
    stretch 1 
    diagonal 1 
    characteristic length 0.288675 
    oddy 0 
    average Frobenius aspect 1 
    maximum Frobenius aspect 1 
    condition number 1 
    jacobian 0.125 
    scaled jacobian 1 
    shear 1 
    shape 1 
    relative size squared 0.015625 
    shape and size 0.015625 
    shear and size 0.015625 
    distortion 1 
Entity type 9 id:3 quality: edge ratio : 1
Entity type 9 id:3 quality: maximum edge ratio : 1
Entity type 9 id:3 quality: skew : 0
Entity type 9 id:3 quality: taper : 0
Entity type 9 id:3 quality: volume : 0.125
Entity type 9 id:3 quality: stretch : 1
Entity type 9 id:3 quality: diagonal : 1
Entity type 9 id:3 quality: characteristic length : 0.288675
Entity type 9 id:3 quality: oddy : 0
Entity type 9 id:3 quality: average Frobenius aspect : 1
Entity type 9 id:3 quality: maximum Frobenius aspect : 1
Entity type 9 id:3 quality: condition number : 1
Entity type 9 id:3 quality: jacobian : 0.125
Entity type 9 id:3 quality: scaled jacobian : 1
Entity type 9 id:3 quality: shear : 1
Entity type 9 id:3 quality: shape : 1
Entity type 9 id:3 quality: relative size squared : 0.015625
Entity type 9 id:3 quality: shape and size : 0.015625
Entity type 9 id:3 quality: shear and size : 0.015625
Entity type 9 id:3 quality: distortion : 1
Global id = 3
  Adjacencies:
   Vertex 7, Vertex 23, Vertex 22, Vertex 4, Vertex 9, Vertex 27, Vertex 25, Vertex 5
   Quad 6
Dense tags:
  GLOBAL_ID = 3 

    edge ratio 1 
    maximum edge ratio 1 
    skew 0 
    taper 0 
    volume 0.125 
    stretch 1 
    diagonal 1 
    characteristic length 0.288675 
    oddy 0 
    average Frobenius aspect 1 
    maximum Frobenius aspect 1 
    condition number 1 
    jacobian 0.125 
    scaled jacobian 1 
    shear 1 
    shape 1 
    relative size squared 0.015625 
    shape and size 0.015625 
    shear and size 0.015625 
    distortion 1 
Entity type 9 id:4 quality: edge ratio : 1
Entity type 9 id:4 quality: maximum edge ratio : 1
Entity type 9 id:4 quality: skew : 0
Entity type 9 id:4 quality: taper : 0
Entity type 9 id:4 quality: volume : 0.125
Entity type 9 id:4 quality: stretch : 1
Entity type 9 id:4 quality: diagonal : 1
Entity type 9 id:4 quality: characteristic length : 0.288675
Entity type 9 id:4 quality: oddy : 0
Entity type 9 id:4 quality: average Frobenius aspect : 1
Entity type 9 id:4 quality: maximum Frobenius aspect : 1
Entity type 9 id:4 quality: condition number : 1
Entity type 9 id:4 quality: jacobian : 0.125
Entity type 9 id:4 quality: scaled jacobian : 1
Entity type 9 id:4 quality: shear : 1
Entity type 9 id:4 quality: shape : 1
Entity type 9 id:4 quality: relative size squared : 0.015625
Entity type 9 id:4 quality: shape and size : 0.015625
Entity type 9 id:4 quality: shear and size : 0.015625
Entity type 9 id:4 quality: distortion : 1
Global id = 4
  Adjacencies:
   Vertex 23, Vertex 16, Vertex 15, Vertex 22, Vertex 27, Vertex 18, Vertex 17, Vertex 25
   Edge 4
Dense tags:
  GLOBAL_ID = 4 

    edge ratio 1 
    maximum edge ratio 1 
    skew 0 
    taper 0 
    volume 0.125 
    stretch 1 
    diagonal 1 
    characteristic length 0.288675 
    oddy 0 
    average Frobenius aspect 1 
    maximum Frobenius aspect 1 
    condition number 1 
    jacobian 0.125 
    scaled jacobian 1 
    shear 1 
    shape 1 
    relative size squared 0.015625 
    shape and size 0.015625 
    shear and size 0.015625 
    distortion 1 
Entity type 9 id:5 quality: edge ratio : 1
Entity type 9 id:5 quality: maximum edge ratio : 1
Entity type 9 id:5 quality: skew : 0
Entity type 9 id:5 quality: taper : 0
Entity type 9 id:5 quality: volume : 0.125
Entity type 9 id:5 quality: stretch : 1
Entity type 9 id:5 quality: diagonal : 1
Entity type 9 id:5 quality: characteristic length : 0.288675
Entity type 9 id:5 quality: oddy : 0
Entity type 9 id:5 quality: average Frobenius aspect : 1
Entity type 9 id:5 quality: maximum Frobenius aspect : 1
Entity type 9 id:5 quality: condition number : 1
Entity type 9 id:5 quality: jacobian : 0.125
Entity type 9 id:5 quality: scaled jacobian : 1
Entity type 9 id:5 quality: shear : 1
Entity type 9 id:5 quality: shape : 1
Entity type 9 id:5 quality: relative size squared : 0.015625
Entity type 9 id:5 quality: shape and size : 0.015625
Entity type 9 id:5 quality: shear and size : 0.015625
Entity type 9 id:5 quality: distortion : 1
Global id = 5
  Adjacencies:
   Vertex 8, Vertex 21, Vertex 27, Vertex 9, Vertex 1, Vertex 20, Vertex 26, Vertex 3
   Edge 5, Edge 11
   Quad 7, Quad 1
Dense tags:
  GLOBAL_ID = 5 

    edge ratio 1 
    maximum edge ratio 1 
    skew 0 
    taper 0 
    volume 0.125 
    stretch 1 
    diagonal 1 
    characteristic length 0.288675 
    oddy 0 
    average Frobenius aspect 1 
    maximum Frobenius aspect 1 
    condition number 1 
    jacobian 0.125 
    scaled jacobian 1 
    shear 1 
    shape 1 
    relative size squared 0.015625 
    shape and size 0.015625 
    shear and size 0.015625 
    distortion 1 
Entity type 9 id:6 quality: edge ratio : 1
Entity type 9 id:6 quality: maximum edge ratio : 1
Entity type 9 id:6 quality: skew : 0
Entity type 9 id:6 quality: taper : 0
Entity type 9 id:6 quality: volume : 0.125
Entity type 9 id:6 quality: stretch : 1
Entity type 9 id:6 quality: diagonal : 1
Entity type 9 id:6 quality: characteristic length : 0.288675
Entity type 9 id:6 quality: oddy : 0
Entity type 9 id:6 quality: average Frobenius aspect : 1
Entity type 9 id:6 quality: maximum Frobenius aspect : 1
Entity type 9 id:6 quality: condition number : 1
Entity type 9 id:6 quality: jacobian : 0.125
Entity type 9 id:6 quality: scaled jacobian : 1
Entity type 9 id:6 quality: shear : 1
Entity type 9 id:6 quality: shape : 1
Entity type 9 id:6 quality: relative size squared : 0.015625
Entity type 9 id:6 quality: shape and size : 0.015625
Entity type 9 id:6 quality: shear and size : 0.015625
Entity type 9 id:6 quality: distortion : 1
Global id = 6
  Adjacencies:
   Vertex 21, Vertex 14, Vertex 18, Vertex 27, Vertex 20, Vertex 11, Vertex 12, Vertex 26
   Edge 1, Edge 3, Edge 6, Edge 7
   Quad 2
Dense tags:
  GLOBAL_ID = 6 

    edge ratio 1 
    maximum edge ratio 1 
    skew 0 
    taper 0 
    volume 0.125 
    stretch 1 
    diagonal 1 
    characteristic length 0.288675 
    oddy 0 
    average Frobenius aspect 1 
    maximum Frobenius aspect 1 
    condition number 1 
    jacobian 0.125 
    scaled jacobian 1 
    shear 1 
    shape 1 
    relative size squared 0.015625 
    shape and size 0.015625 
    shear and size 0.015625 
    distortion 1 
Entity type 9 id:7 quality: edge ratio : 1
Entity type 9 id:7 quality: maximum edge ratio : 1
Entity type 9 id:7 quality: skew : 0
Entity type 9 id:7 quality: taper : 0
Entity type 9 id:7 quality: volume : 0.125
Entity type 9 id:7 quality: stretch : 1
Entity type 9 id:7 quality: diagonal : 1
Entity type 9 id:7 quality: characteristic length : 0.288675
Entity type 9 id:7 quality: oddy : 0
Entity type 9 id:7 quality: average Frobenius aspect : 1
Entity type 9 id:7 quality: maximum Frobenius aspect : 1
Entity type 9 id:7 quality: condition number : 1
Entity type 9 id:7 quality: jacobian : 0.125
Entity type 9 id:7 quality: scaled jacobian : 1
Entity type 9 id:7 quality: shear : 1
Entity type 9 id:7 quality: shape : 1
Entity type 9 id:7 quality: relative size squared : 0.015625
Entity type 9 id:7 quality: shape and size : 0.015625
Entity type 9 id:7 quality: shear and size : 0.015625
Entity type 9 id:7 quality: distortion : 1
Global id = 7
  Adjacencies:
   Vertex 9, Vertex 27, Vertex 25, Vertex 5, Vertex 3, Vertex 26, Vertex 24, Vertex 2
   Edge 9, Edge 12
   Quad 8, Quad 3
Dense tags:
  GLOBAL_ID = 7 

    edge ratio 1 
    maximum edge ratio 1 
    skew 0 
    taper 0 
    volume 0.125 
    stretch 1 
    diagonal 1 
    characteristic length 0.288675 
    oddy 0 
    average Frobenius aspect 1 
    maximum Frobenius aspect 1 
    condition number 1 
    jacobian 0.125 
    scaled jacobian 1 
    shear 1 
    shape 1 
    relative size squared 0.015625 
    shape and size 0.015625 
    shear and size 0.015625 
    distortion 1 
Entity type 9 id:8 quality: edge ratio : 1
Entity type 9 id:8 quality: maximum edge ratio : 1
Entity type 9 id:8 quality: skew : 0
Entity type 9 id:8 quality: taper : 0
Entity type 9 id:8 quality: volume : 0.125
Entity type 9 id:8 quality: stretch : 1
Entity type 9 id:8 quality: diagonal : 1
Entity type 9 id:8 quality: characteristic length : 0.288675
Entity type 9 id:8 quality: oddy : 0
Entity type 9 id:8 quality: average Frobenius aspect : 1
Entity type 9 id:8 quality: maximum Frobenius aspect : 1
Entity type 9 id:8 quality: condition number : 1
Entity type 9 id:8 quality: jacobian : 0.125
Entity type 9 id:8 quality: scaled jacobian : 1
Entity type 9 id:8 quality: shear : 1
Entity type 9 id:8 quality: shape : 1
Entity type 9 id:8 quality: relative size squared : 0.015625
Entity type 9 id:8 quality: shape and size : 0.015625
Entity type 9 id:8 quality: shear and size : 0.015625
Entity type 9 id:8 quality: distortion : 1
Global id = 8
  Adjacencies:
   Vertex 27, Vertex 18, Vertex 17, Vertex 25, Vertex 26, Vertex 12, Vertex 10, Vertex 24
   Edge 3, Edge 8, Edge 10
   Quad 4
Dense tags:
  GLOBAL_ID = 8 

    edge ratio 1 
    maximum edge ratio 1 
    skew 0 
    taper 0 
    volume 0.125 
    stretch 1 
    diagonal 1 
    characteristic length 0.288675 
    oddy 0 
    average Frobenius aspect 1 
    maximum Frobenius aspect 1 
    condition number 1 
    jacobian 0.125 
    scaled jacobian 1 
    shear 1 
    shape 1 
    relative size squared 0.015625 
    shape and size 0.015625 
    shear and size 0.015625 
    distortion 1 
Running verdict_unit_tests ...

[0]: Test case: edge calc 1
	 #1 TESTING :: MB_LENGTH
	 #1 PASSED :: MB_LENGTH

[1]: Test case: edge calc 2
	 #1 TESTING :: MB_LENGTH
	 #1 PASSED :: MB_LENGTH

[2]: Test case: edge calc 3
	 #1 TESTING :: MB_LENGTH
	 #1 PASSED :: MB_LENGTH

[3]: Test case: simple wedge
	 #1 TESTING :: MB_VOLUME
	 #1 PASSED :: MB_VOLUME

[4]: Test case: singularity wedge
	 #1 TESTING :: MB_VOLUME
	 #1 PASSED :: MB_VOLUME

[5]: Test case: simple tri
	 #1 TESTING :: MB_AREA
	 #1 PASSED :: MB_AREA
	 #2 TESTING :: MB_MINIMUM_ANGLE
	 #2 PASSED :: MB_MINIMUM_ANGLE
	 #3 TESTING :: MB_MAXIMUM_ANGLE
	 #3 PASSED :: MB_MAXIMUM_ANGLE
	 #4 TESTING :: MB_CONDITION
	 #4 PASSED :: MB_CONDITION
	 #5 TESTING :: MB_SCALED_JACOBIAN
	 #5 PASSED :: MB_SCALED_JACOBIAN
	 #6 TESTING :: MB_SHAPE
	 #6 PASSED :: MB_SHAPE
	 #7 TESTING :: MB_RELATIVE_SIZE_SQUARED
	 #7 PASSED :: MB_RELATIVE_SIZE_SQUARED
	 #8 TESTING :: MB_SHAPE_AND_SIZE
	 #8 PASSED :: MB_SHAPE_AND_SIZE
	 #9 TESTING :: MB_DISTORTION
	 #9 PASSED :: MB_DISTORTION

[6]: Test case: simple quad
	 #1 TESTING :: MB_ASPECT_RATIO
	 #1 PASSED :: MB_ASPECT_RATIO
	 #2 TESTING :: MB_SKEW
	 #2 PASSED :: MB_SKEW
	 #3 TESTING :: MB_TAPER
	 #3 PASSED :: MB_TAPER
	 #4 TESTING :: MB_WARPAGE
	 #4 PASSED :: MB_WARPAGE
	 #5 TESTING :: MB_AREA
	 #5 PASSED :: MB_AREA
	 #6 TESTING :: MB_STRETCH
	 #6 PASSED :: MB_STRETCH
	 #7 TESTING :: MB_MAXIMUM_ANGLE
	 #7 PASSED :: MB_MAXIMUM_ANGLE
	 #8 TESTING :: MB_MINIMUM_ANGLE
	 #8 PASSED :: MB_MINIMUM_ANGLE
	 #9 TESTING :: MB_CONDITION
	 #9 PASSED :: MB_CONDITION
	 #10 TESTING :: MB_JACOBIAN
	 #10 PASSED :: MB_JACOBIAN
	 #11 TESTING :: MB_SCALED_JACOBIAN
	 #11 PASSED :: MB_SCALED_JACOBIAN
	 #12 TESTING :: MB_SHEAR
	 #12 PASSED :: MB_SHEAR
	 #13 TESTING :: MB_SHAPE
	 #13 PASSED :: MB_SHAPE
	 #14 TESTING :: MB_RELATIVE_SIZE_SQUARED
	 #14 PASSED :: MB_RELATIVE_SIZE_SQUARED
	 #15 TESTING :: MB_SHAPE_AND_SIZE
	 #15 PASSED :: MB_SHAPE_AND_SIZE
	 #16 TESTING :: MB_SHEAR_AND_SIZE
	 #16 PASSED :: MB_SHEAR_AND_SIZE
	 #17 TESTING :: MB_DISTORTION
	 #17 PASSED :: MB_DISTORTION

[7]: Test case: tet test
	 #1 TESTING :: MB_VOLUME
	 #1 PASSED :: MB_VOLUME
	 #2 TESTING :: MB_CONDITION
	 #2 PASSED :: MB_CONDITION
	 #3 TESTING :: MB_JACOBIAN
	 #3 PASSED :: MB_JACOBIAN
	 #4 TESTING :: MB_SHAPE
	 #4 PASSED :: MB_SHAPE
	 #5 TESTING :: MB_RELATIVE_SIZE_SQUARED
	 #5 PASSED :: MB_RELATIVE_SIZE_SQUARED
	 #6 TESTING :: MB_SHAPE_AND_SIZE
	 #6 PASSED :: MB_SHAPE_AND_SIZE
	 #7 TESTING :: MB_DISTORTION
	 #7 PASSED :: MB_DISTORTION

[8]: Test case: hex test
	 #1 TESTING :: MB_SKEW
	 #1 PASSED :: MB_SKEW
	 #2 TESTING :: MB_TAPER
	 #2 PASSED :: MB_TAPER
	 #3 TESTING :: MB_VOLUME
	 #3 PASSED :: MB_VOLUME
	 #4 TESTING :: MB_STRETCH
	 #4 PASSED :: MB_STRETCH
	 #5 TESTING :: MB_DIAGONAL
	 #5 PASSED :: MB_DIAGONAL
	 #6 TESTING :: MB_DIMENSION
	 #6 PASSED :: MB_DIMENSION
	 #7 TESTING :: MB_CONDITION
	 #7 PASSED :: MB_CONDITION
	 #8 TESTING :: MB_JACOBIAN
	 #8 PASSED :: MB_JACOBIAN
	 #9 TESTING :: MB_SCALED_JACOBIAN
	 #9 PASSED :: MB_SCALED_JACOBIAN
	 #10 TESTING :: MB_SHEAR
	 #10 PASSED :: MB_SHEAR
	 #11 TESTING :: MB_SHAPE
	 #11 PASSED :: MB_SHAPE
	 #12 TESTING :: MB_RELATIVE_SIZE_SQUARED
	 #12 PASSED :: MB_RELATIVE_SIZE_SQUARED
	 #13 TESTING :: MB_SHEAR_AND_SIZE
	 #13 PASSED :: MB_SHEAR_AND_SIZE
	 #14 TESTING :: MB_SHAPE_AND_SIZE
	 #14 PASSED :: MB_SHAPE_AND_SIZE
	 #15 TESTING :: MB_DISTORTION
	 #15 PASSED :: MB_DISTORTION

All tests passed ? 1
<end of output>
Test time =   0.02 sec
----------------------------------------------------------
Test Passed.
"verdict_test" end time: Jul 03 16:39 CDT
"verdict_test" time elapsed: 00:00:00
----------------------------------------------------------

3/68 Testing: scdseq_test
3/68 Test: scdseq_test
Command: "/home/samuel/cnerg/SetupScripts/MOAB/bld/bin/scdseq_test"
Directory: /home/samuel/cnerg/SetupScripts/MOAB/bld/test
"scdseq_test" start time: Jul 03 16:39 CDT
Output:
----------------------------------------------------------
Running test_parallel_partitions ...
Running test_vertex_seq ...
Running test_element_seq ...
Running test_periodic_seq ...
<end of output>
Test time =   0.03 sec
----------------------------------------------------------
Test Passed.
"scdseq_test" end time: Jul 03 16:39 CDT
"scdseq_test" time elapsed: 00:00:00
----------------------------------------------------------

4/68 Testing: scd_test_partn
4/68 Test: scd_test_partn
[...]
Running test_side_sets ...
Running test_node_sets ...
Running test_tri6 ...
Running test_tri7 ...
Running test_quad5 ...
Running test_quad8 ...
Running test_quad9 ...
Running test_tet8 ...
Running test_tet10 ...
Running test_tet14 ...
Running test_hex9 ...
Running test_hex20 ...
Running test_hex27 ...
Running test_multiple_files ...
Running test_cubit12 ...
Warning: acis file has sequence numbers!
Running test_cubit14 ...
<end of output>
Test time =   0.76 sec
----------------------------------------------------------
Test Passed.
"cub_file_test" end time: Jul 03 16:40 CDT
"cub_file_test" time elapsed: 00:00:00
----------------------------------------------------------

51/68 Testing: gmsh_test
51/68 Test: gmsh_test
Command: "/home/samuel/cnerg/SetupScripts/MOAB/bld/bin/gmsh_test"
Directory: /home/samuel/cnerg/SetupScripts/MOAB/bld/test/io
"gmsh_test" start time: Jul 03 16:40 CDT
Output:
----------------------------------------------------------
Running test_read_nodes ...
Running test_read_quads ...
Running test_read_material_set ...
Running test_read_material_on_nodes ...
Running test_read_geom_set ...
Running test_read_airfoil ...
Running test_read_t1 ...
Running test_read_fgh ...
<end of output>
Test time =   0.01 sec
----------------------------------------------------------
Test Passed.
"gmsh_test" end time: Jul 03 16:40 CDT
"gmsh_test" time elapsed: 00:00:00
----------------------------------------------------------

52/68 Testing: nastran_test
52/68 Test: nastran_test
Command: "/home/samuel/cnerg/SetupScripts/MOAB/bld/bin/nastran_test"
Directory: /home/samuel/cnerg/SetupScripts/MOAB/bld/test/io
"nastran_test" start time: Jul 03 16:40 CDT
Output:
----------------------------------------------------------
Running test_read_nodes ...
Running test_read_tets ...
Running test_read_prisms ...
Running test_read_hexes ...
Running test_read_material_set1 ...
Running test_read_material_set2 ...
<end of output>
Test time =   0.02 sec
----------------------------------------------------------
Test Passed.
"nastran_test" end time: Jul 03 16:40 CDT
"nastran_test" time elapsed: 00:00:00
----------------------------------------------------------

53/68 Testing: ideas_test
53/68 Test: ideas_test
Command: "/home/samuel/cnerg/SetupScripts/MOAB/bld/bin/ideas_test"
Directory: /home/samuel/cnerg/SetupScripts/MOAB/bld/test/io
"ideas_test" start time: Jul 03 16:40 CDT
Output:
----------------------------------------------------------
Running test_read_nodes ...
Running test_read_tets ...
Running test_read_hexes ...
Running test_read_material_set ...
Running test_read_physical_set ...
<end of output>
Test time =   0.02 sec
----------------------------------------------------------
Test Passed.
"ideas_test" end time: Jul 03 16:40 CDT
"ideas_test" time elapsed: 00:00:00
----------------------------------------------------------

54/68 Testing: stl_test
54/68 Test: stl_test
Command: "/home/samuel/cnerg/SetupScripts/MOAB/bld/bin/stl_test"
Directory: /home/samuel/cnerg/SetupScripts/MOAB/bld/test/io
"stl_test" start time: Jul 03 16:40 CDT
Output:
----------------------------------------------------------
MOAB ERROR: --------------------- Error Message ------------------------------------
MOAB ERROR: Failed to load file after trying all possible readers!
MOAB ERROR: serial_load_file() line 623 in Core.cpp
MOAB ERROR: load_file() line 514 in Core.cpp
MOAB ERROR: --------------------- Error Message ------------------------------------
MOAB ERROR: Failed to load file after trying all possible readers!
MOAB ERROR: serial_load_file() line 623 in Core.cpp
MOAB ERROR: load_file() line 514 in Core.cpp
MOAB ERROR: --------------------- Error Message ------------------------------------
MOAB ERROR: Failed to load file after trying all possible readers!
MOAB ERROR: serial_load_file() line 623 in Core.cpp
MOAB ERROR: load_file() line 514 in Core.cpp
MOAB ERROR: --------------------- Error Message ------------------------------------
MOAB ERROR: Failed to load file after trying all possible readers!
MOAB ERROR: serial_load_file() line 623 in Core.cpp
MOAB ERROR: load_file() line 514 in Core.cpp
Running test_read_ascii ...
Running test_write_ascii ...
Running test_type_option ...
Running test_detect_type ...
Running test_endian_option ...
Running test_big_endian ...
Running test_little_endian ...
Running test_detect_byte_order ...
<end of output>
Test time =   0.01 sec
----------------------------------------------------------
Test Passed.
"stl_test" end time: Jul 03 16:40 CDT
"stl_test" time elapsed: 00:00:00
----------------------------------------------------------

55/68 Testing: smf_test
55/68 Test: smf_test
Command: "/home/samuel/cnerg/SetupScripts/MOAB/bld/bin/smf_test"
Directory: /home/samuel/cnerg/SetupScripts/MOAB/bld/test/io
"smf_test" start time: Jul 03 16:40 CDT
Output:
----------------------------------------------------------
Running test_read_nodes ...
Running test_read_triangles ...
<end of output>
Test time =   0.01 sec
----------------------------------------------------------
Test Passed.
"smf_test" end time: Jul 03 16:40 CDT
"smf_test" time elapsed: 00:00:00
----------------------------------------------------------

56/68 Testing: tqdcfr_test
56/68 Test: tqdcfr_test
Command: "/home/samuel/cnerg/SetupScripts/MOAB/bld/bin/tqdcfr_test"
Directory: /home/samuel/cnerg/SetupScripts/MOAB/bld/test/io
"tqdcfr_test" start time: Jul 03 16:40 CDT
Output:
----------------------------------------------------------
Usage: tqdcfr <cub_file_name>
Success.
Success.
<end of output>
Test time =   0.04 sec
----------------------------------------------------------
Test Passed.
"tqdcfr_test" end time: Jul 03 16:40 CDT
"tqdcfr_test" time elapsed: 00:00:00
----------------------------------------------------------

57/68 Testing: dual_test
57/68 Test: dual_test
Command: "/home/samuel/cnerg/SetupScripts/MOAB/bld/bin/dual_test"
Directory: /home/samuel/cnerg/SetupScripts/MOAB/bld/test/dual
"dual_test" start time: Jul 03 16:40 CDT
Output:
----------------------------------------------------------
Usage: dual_test <mesh_file_name> <out file>
using default input : /home/samuel/cnerg/SetupScripts/MOAB/moab/MeshFiles/unittest/hex01.vtk and output dual.vtk
Found 17/31 dual faces.
Found 17/16 dual cells.
Found 6 1d dual hyperplanes (chords).
Found 4 2d dual hyperplanes (sheets).
<end of output>
Test time =   0.04 sec
----------------------------------------------------------
Test Passed.
"dual_test" end time: Jul 03 16:40 CDT
"dual_test" time elapsed: 00:00:00
----------------------------------------------------------

58/68 Testing: h5file_test
58/68 Test: h5file_test
Command: "/home/samuel/cnerg/SetupScripts/MOAB/bld/bin/h5file_test"
Directory: /home/samuel/cnerg/SetupScripts/MOAB/bld/test/h5file
"h5file_test" start time: Jul 03 16:40 CDT
Output:
----------------------------------------------------------
creating... writing... reading... comparing... success!
writing... clearing db... reading... comparing... success!
cleaning up... done.
<end of output>
Test time =   0.02 sec
----------------------------------------------------------
Test Passed.
"h5file_test" end time: Jul 03 16:40 CDT
"h5file_test" time elapsed: 00:00:00
----------------------------------------------------------

59/68 Testing: h5legacy
59/68 Test: h5legacy
Command: "/home/samuel/cnerg/SetupScripts/MOAB/bld/bin/h5legacy"
Directory: /home/samuel/cnerg/SetupScripts/MOAB/bld/test/h5file
"h5legacy" start time: Jul 03 16:40 CDT
Output:
----------------------------------------------------------
Running test_moab_v3_poly_format ...
<end of output>
Test time =   0.01 sec
----------------------------------------------------------
Test Passed.
"h5legacy" end time: Jul 03 16:40 CDT
"h5legacy" time elapsed: 00:00:00
----------------------------------------------------------

60/68 Testing: h5varlen
60/68 Test: h5varlen
Command: "/home/samuel/cnerg/SetupScripts/MOAB/bld/bin/h5varlen"
Directory: /home/samuel/cnerg/SetupScripts/MOAB/bld/test/h5file
"h5varlen" start time: Jul 03 16:40 CDT
Output:
----------------------------------------------------------
Running test_var_length_no_data ...
Running test_var_length_data ...
Running test_var_length_big_data ...
Running test_var_length_opaque ...
Running test_var_length_mesh_data ...
Running test_var_length_default_data ...
Running test_var_length_mesh_opaque ...
Running test_var_length_default_opaque ...
Running test_var_length_handle_tag ...
Running test_var_length_data_big ...
<end of output>
Test time =   2.15 sec
----------------------------------------------------------
Test Passed.
"h5varlen" end time: Jul 03 16:40 CDT
"h5varlen" time elapsed: 00:00:02
----------------------------------------------------------

61/68 Testing: h5sets_test
61/68 Test: h5sets_test
Command: "/home/samuel/cnerg/SetupScripts/MOAB/bld/bin/h5sets_test"
Directory: /home/samuel/cnerg/SetupScripts/MOAB/bld/test/h5file
"h5sets_test" start time: Jul 03 16:40 CDT
Output:
----------------------------------------------------------
Running test_ranged_set_with_stale_handles ...
Running test_list_set_with_stale_handles ...
Running test_file_set ...
Running test_small_tree ...
Created binary tree containing 256 nodes.
Running test_set_flags ...
Running regression_mmiller_8_2010 ...
Running test_sets_fileids ...
<end of output>
Test time =   0.04 sec
----------------------------------------------------------
Test Passed.
"h5sets_test" end time: Jul 03 16:40 CDT
"h5sets_test" time elapsed: 00:00:00
----------------------------------------------------------

62/68 Testing: h5regression
62/68 Test: h5regression
Command: "/home/samuel/cnerg/SetupScripts/MOAB/bld/bin/h5regression"
Directory: /home/samuel/cnerg/SetupScripts/MOAB/bld/test/h5file
"h5regression" start time: Jul 03 16:40 CDT
Output:
----------------------------------------------------------
MOAB ERROR: --------------------- Error Message ------------------------------------
MOAB ERROR: Invalid Tri3 element connectivity. Write Aborted!
MOAB ERROR: write_elems() line 1029 in WriteHDF5.cpp
Running test_write_invalid_elem ...
Running test_write_read_many_tags ...
<end of output>
Test time =   0.05 sec
----------------------------------------------------------
Test Passed.
"h5regression" end time: Jul 03 16:40 CDT
"h5regression" time elapsed: 00:00:00
----------------------------------------------------------

63/68 Testing: h5partial
63/68 Test: h5partial
Command: "/home/samuel/cnerg/SetupScripts/MOAB/bld/bin/h5partial"
Directory: /home/samuel/cnerg/SetupScripts/MOAB/bld/test/h5file
"h5partial" start time: Jul 03 16:40 CDT
Output:
----------------------------------------------------------
MOAB ERROR: --------------------- Error Message ------------------------------------
MOAB ERROR: ReadHDF5 Failure!
MOAB ERROR: load_file_partial() line 813 in ReadHDF5.cpp
MOAB ERROR: --------------------- Error Message ------------------------------------
MOAB ERROR: Failed to load file after trying all possible readers!
MOAB ERROR: serial_load_file() line 623 in Core.cpp
MOAB ERROR: load_file() line 511 in Core.cpp
Running test_read_empty_set ...
Running test_read_non_existant_set ...
Running test_read_one_set_nodes ...
Running test_read_one_set_nodes_blocked ...
Running test_read_one_set_elems ...
Running test_read_one_set_polyhedra ...
Running test_read_set_sets ...
Running test_read_two_sets_nodes ...
Running test_read_two_sets_elems ...
Running test_read_child_sets_only ...
Running test_read_child_set_contents ...
Running test_read_no_child_sets ...
Running test_read_contained_sets_only ...
Running test_read_contained_set_contents ...
Running test_read_no_contained_sets ...
Running test_read_containing_sets ...
Running test_read_double_tag ...
Running test_read_opaque_tag ...
Running test_read_handle_tag ...
Running test_var_len_tag ...
Running test_read_adjacencies ...
Running test_read_tagged_elems ...
Running test_read_tagged_nodes ...
Running test_read_sides ...
Running test_read_ids ...
Running test_read_partial_ids ...
All 26 tests passed.
<end of output>
Test time =   0.29 sec
----------------------------------------------------------
Test Passed.
"h5partial" end time: Jul 03 16:40 CDT
"h5partial" time elapsed: 00:00:00
----------------------------------------------------------

64/68 Testing: h5portable
64/68 Test: h5portable
Command: "/home/samuel/cnerg/SetupScripts/MOAB/bld/bin/h5portable"
Directory: /home/samuel/cnerg/SetupScripts/MOAB/bld/test/h5file
"h5portable" start time: Jul 03 16:40 CDT
Output:
----------------------------------------------------------
Running test_native_read ...
Running test_load_file_x86_64 ...
Running test_read_vertices_x86_64 ...
Running test_read_elements_x86_64 ...
Running test_read_set_contents_x86_64 ...
Running test_read_set_parent_child_x86_64 ...
Running test_read_int_tag_x86_64 ...
Running test_read_real_tag_x86_64 ...
Running test_read_handle_tag_x86_64 ...
Running test_read_bit_tag_x86_64 ...
Running test_read_partial_x86_64 ...
Running test_load_file_x86_32 ...
Running test_read_vertices_x86_32 ...
Running test_read_elements_x86_32 ...
Running test_read_set_contents_x86_32 ...
Running test_read_set_parent_child_x86_32 ...
Running test_read_int_tag_x86_32 ...
Running test_read_real_tag_x86_32 ...
Running test_read_handle_tag_x86_32 ...
Running test_read_bit_tag_x86_32 ...
Running test_read_partial_x86_32 ...
Running test_load_file_power_32 ...
Running test_read_vertices_power_32 ...
Running test_read_elements_power_32 ...
Running test_read_set_contents_power_32 ...
Running test_read_set_parent_child_power_32 ...
Running test_read_int_tag_power_32 ...
Running test_read_real_tag_power_32 ...
Running test_read_handle_tag_power_32 ...
Running test_read_bit_tag_power_32 ...
Running test_read_partial_power_32 ...
All 31 tests passed.
<end of output>
Test time =   0.09 sec
----------------------------------------------------------
Test Passed.
"h5portable" end time: Jul 03 16:40 CDT
"h5portable" time elapsed: 00:00:00
----------------------------------------------------------

65/68 Testing: obb_test
65/68 Test: obb_test
Command: "/home/samuel/cnerg/SetupScripts/MOAB/bld/bin/obb_test"
Directory: /home/samuel/cnerg/SetupScripts/MOAB/bld/test/obb
"obb_test" start time: Jul 03 16:40 CDT
Output:
----------------------------------------------------------
MOAB 5.0.1
No file(s) specified.
Using default file "/home/samuel/cnerg/SetupScripts/MOAB/moab/MeshFiles/unittest/3k-tri-cube.h5m"
Using default file "/home/samuel/cnerg/SetupScripts/MOAB/moab/MeshFiles/unittest/3k-tri-sphere.vtk"
/home/samuel/cnerg/SetupScripts/MOAB/moab/MeshFiles/unittest/3k-tri-cube.h5m
------
Building tree from 2940 2D elements

No errors detected.
[3.16784e-16 3.263e-16 -2.91039e-17] + [1 0 0]:5 x [0 -0.993884 0.110432]:5.52158 x [0 -0.110432 -0.993884]:5.52158
/home/samuel/cnerg/SetupScripts/MOAB/moab/MeshFiles/unittest/3k-tri-sphere.vtk
------
Building tree from 2970 2D elements

No errors detected.
[-0.00751508 0.04021 -0.00102388] + [-0.985733 0.167771 0.0135189]:99.9051 x [0.0186303 0.0289301 0.999408]:99.9408 x [0.16728 0.985401 -0.0316429]:99.9599
<end of output>
Test time =   2.94 sec
----------------------------------------------------------
Test Passed.
"obb_test" end time: Jul 03 16:40 CDT
"obb_test" time elapsed: 00:00:02
----------------------------------------------------------

66/68 Testing: adj_mem_time_test
66/68 Test: adj_mem_time_test
Command: "/home/samuel/cnerg/SetupScripts/MOAB/bld/bin/adj_mem_time_test"
Directory: /home/samuel/cnerg/SetupScripts/MOAB/bld/test/perf
"adj_mem_time_test" start time: Jul 03 16:40 CDT
Output:
----------------------------------------------------------
Using default input file:/home/samuel/cnerg/SetupScripts/MOAB/moab/MeshFiles/unittest/32hex_ef.h5m
adj_perf:MESH SIZE :: NV = 75, NE = 170, NF = 128, NC = 32
1D QUERIES Start
1D QUERIES End
2D QUERIES Start
2D QUERIES End
3D QUERIES Start 
3D QUERIES End

 Data Structure Construction Time = 0.000681 Secs

Query times in Seconds
QUERY: Vertex -> Edges :: MOAB: Average time =  1.09333e-06, Total time = 8.2e-05

QUERY: Edge -> Edges :: MOAB: Average time = 1.16765e-05, Total time = 0.001985

QUERY: Vertex -> Faces :: MOAB: Average time =  1.4e-06, Total time = 0.000105

QUERY: Edge -> Faces :: MOAB: Average time =  8.92941e-06, Total time = 0.001518

QUERY: Face -> Faces :: MOAB: Average time = 6.8875e-05, Total time = 0.008816

QUERY: Face -> Edges :: MOAB: Average time =  6.30469e-06, Total time = 0.000807

QUERY: Vertex -> Cells :: MOAB: Average time =  1.02667e-06, Total time = 7.7e-05

QUERY: Edge -> Cells :: MOAB: Average time =  7.73529e-06, Total time = 0.001315

QUERY: Face -> Cells :: MOAB: Average time =  1.21328e-05, Total time = 0.001553

QUERY: Cell -> Cells :: MOAB: Average time =  0.000137281, Total time = 0.004393

QUERY: Cell -> Edges :: MOAB: Average time =  1.91875e-05, Total time = 0.000614

QUERY: Cell -> Faces :: MOAB: Average time =  1.225e-05, Total time = 0.000392


STORAGE BEFORE CALLING ADJACENCIES
Total storage = 15072
Total amortized storage = 18606

Entity storage = 11264
Amortized entity storage = 11264

Adjacency storage = 2992
Amortized adjacency storage = 5392

Tag storage = 816
Amortized tag storage = 1950

STORAGE AFTER CALLING ADJACENCIES
Total storage = 30952
Total amortized storage = 35086

Entity storage = 11264
Amortized entity storage = 11264

Adjacency storage = 18872
Amortized adjacency storage = 21872

Tag storage = 816
Amortized tag storage = 1950

0.000681  0.021657  11264  18872  1.09333e-06  1.16765e-05  1.4e-06  8.92941e-06  6.8875e-05  6.30469e-06  1.02667e-06  7.73529e-06  1.21328e-05  0.000137281  1.91875e-05  1.225e-05
Success
<end of output>
Test time =   0.03 sec
----------------------------------------------------------
Test Passed.
"adj_mem_time_test" end time: Jul 03 16:40 CDT
"adj_mem_time_test" time elapsed: 00:00:00
----------------------------------------------------------

67/68 Testing: adj_time
67/68 Test: adj_time
Command: "/home/samuel/cnerg/SetupScripts/MOAB/bld/bin/adj_time"
Directory: /home/samuel/cnerg/SetupScripts/MOAB/bld/test/perf
"adj_time" start time: Jul 03 16:40 CDT
Output:
----------------------------------------------------------
Querying of volumes for 1728 faces: 0.024775 seconds
Querying of faces for 512 volumes: 0.008063 seconds
<end of output>
Test time =   0.08 sec
----------------------------------------------------------
Test Passed.
"adj_time" end time: Jul 03 16:40 CDT
"adj_time" time elapsed: 00:00:00
----------------------------------------------------------

68/68 Testing: tstt_perf_binding
68/68 Test: tstt_perf_binding
Command: "/home/samuel/cnerg/SetupScripts/MOAB/bld/bin/tstt_perf_binding" "4" "B"
Directory: /home/samuel/cnerg/SetupScripts/MOAB/bld/test/perf
"tstt_perf_binding" start time: Jul 03 16:40 CDT
Output:
----------------------------------------------------------
number of elements: 4; test B
Max resident set size = 10332 kbytes
Int resident set size = 0 kbytes
Max resident set size = 10332 kbytes
Int resident set size = 0 kbytes
TSTTbinding/MOAB: TFI time = 5e-06 sec
Max resident set size = 10332 kbytes
Int resident set size = 0 kbytes
Max resident set size = 10332 kbytes
Int resident set size = 0 kbytes
Max resident set size = 10332 kbytes
Int resident set size = 0 kbytes
Max resident set size = 15816 kbytes
Int resident set size = 0 kbytes
Max resident set size = 15952 kbytes
Int resident set size = 0 kbytes
TSTTb/MOAB_ucd_blocked: nelem, construct, e_to_v, v_to_e, after_dtor = 4, 0.000229, 0.00015, 0.001998, 0.000379 seconds
TSTTb/MOAB_ucd_blocked_memory_(rss): initial, after_construction, e-v, v-e, after_dtor:10332, 10332, 10332, 15816, 15952 kb
<end of output>
Test time =   0.01 sec
----------------------------------------------------------
Test Passed.
"tstt_perf_binding" end time: Jul 03 16:40 CDT
"tstt_perf_binding" time elapsed: 00:00:00
----------------------------------------------------------

End testing: Jul 03 16:40 CDT
